Initializing provider plugins found in the configuration...
- Finding hashicorp/tls versions matching "~> 4.0"...
- Finding hashicorp/local versions matching "~> 2.0"...
- Finding latest version of hashicorp/time...
- Finding hashicorp/azurerm versions matching "4.70.0"...
- Finding hashicorp/azuread versions matching "~> 2.50"...
- Finding latest version of hashicorp/null...
- Using previously-installed hashicorp/tls v4.3.0
- Using previously-installed hashicorp/local v2.9.0
- Using previously-installed hashicorp/time v0.14.0
- Using previously-installed hashicorp/azurerm v4.70.0
- Using previously-installed hashicorp/azuread v2.53.1
- Using previously-installed hashicorp/null v3.3.0

Initializing the backend...

Successfully configured the backend "azurerm"! Terraform will automatically
use this backend unless the backend configuration changes.

Initializing provider plugins found in the state...
- Reusing previous version of hashicorp/azuread
- Reusing previous version of hashicorp/azurerm
- Reusing previous version of hashicorp/null
- Reusing previous version of hashicorp/time
- Using previously-installed hashicorp/azuread v2.53.1
- Using previously-installed hashicorp/azurerm v4.70.0
- Using previously-installed hashicorp/null v3.3.0
- Using previously-installed hashicorp/time v0.14.0


Terraform has been successfully initialized!

You may now begin working with Terraform. Try running "terraform plan" to see
any changes that are required for your infrastructure. All Terraform commands
should now work.

If you ever set or change modules or backend configuration for Terraform,
rerun this command to reinitialize your working directory. If you forget, other
commands will detect it and remind you to do so if necessary.
