Acquiring state lock. This may take a few moments...
azurerm_network_interface.prodmyapp_nic_linux: Creating...
azurerm_network_interface_security_group_association.nic_nsg_assn_windows: Creating...
azurerm_windows_virtual_machine.prodmyapp_windows_vm: Modifying... [id=/subscriptions/2b2f02f7-dde2-47db-974c-47d2182721ae/resourceGroups/myTFResourceGroup/providers/Microsoft.Compute/virtualMachines/windows_vm_01]
azurerm_windows_virtual_machine.prodmyapp_windows_vm: Still modifying... [id=/subscriptions/2b2f02f7-dde2-47db-974c-....Compute/virtualMachines/windows_vm_01, 00m10s elapsed]
azurerm_windows_virtual_machine.prodmyapp_windows_vm: Modifications complete after 16s [id=/subscriptions/2b2f02f7-dde2-47db-974c-47d2182721ae/resourceGroups/myTFResourceGroup/providers/Microsoft.Compute/virtualMachines/windows_vm_01]

Error: A resource with the ID "/subscriptions/2b2f02f7-dde2-47db-974c-47d2182721ae/resourceGroups/myTFResourceGroup/providers/Microsoft.Network/networkInterfaces/prodmyapp-nic1" already exists - to be managed via Terraform this resource needs to be imported into the State. Please see the resource documentation for "azurerm_network_interface" for more information.

  with azurerm_network_interface.prodmyapp_nic_linux,
  on main.tf line 694, in resource "azurerm_network_interface" "prodmyapp_nic_linux":
 694: resource "azurerm_network_interface" "prodmyapp_nic_linux" {


Error: A resource with the ID "/subscriptions/2b2f02f7-dde2-47db-974c-47d2182721ae/resourceGroups/myTFResourceGroup/providers/Microsoft.Network/networkInterfaces/prodmyapp-win-nic|/subscriptions/2b2f02f7-dde2-47db-974c-47d2182721ae/resourceGroups/myTFResourceGroup/providers/Microsoft.Network/networkSecurityGroups/windows-secure-nsg" already exists - to be managed via Terraform this resource needs to be imported into the State. Please see the resource documentation for "azurerm_network_interface_security_group_association" for more information.

  with azurerm_network_interface_security_group_association.nic_nsg_assn_windows,
  on main.tf line 1113, in resource "azurerm_network_interface_security_group_association" "nic_nsg_assn_windows":
1113: resource "azurerm_network_interface_security_group_association" "nic_nsg_assn_windows" {

Releasing state lock. This may take a few moments...
Terraform apply failed.
===== Terraform Recovery Phase (Step 1: State Sync) =====
Acquiring state lock. This may take a few moments...
tls_private_key.vm_ssh: Refreshing state... [id=3f41b7f5f82dbadce6d1f0563e9a676fd390031f]
null_resource.validate_vm_size: Refreshing state... [id=3688996702491092770]
local_file.public_key_openssh: Refreshing state... [id=ef769e7d437e35cfc54efad2fab95746b91649a5]
local_sensitive_file.private_key_pem: Refreshing state... [id=a70b04f6f86174d4edb4e9279305475fed74d30b]
data.azuread_service_principal.prodmyapp: Reading...
data.azuread_service_principal.prodmyapp: Read complete after 2s [id=3a64aed9-8685-4f60-bad4-c7a0b3e0e4d2]
data.azurerm_client_config.current: Reading...
azurerm_resource_group.prodmyapp: Refreshing state... [id=/subscriptions/2b2f02f7-dde2-47db-974c-47d2182721ae/resourceGroups/myTFResourceGroup]
azurerm_network_interface.prodmyapp_nic: Refreshing state... [id=/subscriptions/2b2f02f7-dde2-47db-974c-47d2182721ae/resourceGroups/myTFResourceGroup/providers/Microsoft.Network/networkInterfaces/prodmyapp-nic1]
data.azurerm_client_config.current: Read complete after 2s [id=Y2xpZW50Q29uZmlncy9jbGllbnRJZD0wNGIwNzc5NS04ZGRiLTQ2MWEtYmJlZS0wMmY5ZTFiZjdiNDY7b2JqZWN0SWQ9M2E2NGFlZDktODY4NS00ZjYwLWJhZDQtYzdhMGIzZTBlNGQyO3N1YnNjcmlwdGlvbklkPTJiMmYwMmY3LWRkZTItNDdkYi05NzRjLTQ3ZDIxODI3MjFhZTt0ZW5hbnRJZD1mMTc1YzU2ZC00MDEzLTQyZmEtYTBlOC00MTAzZDIyNzZhMGQ=]
azurerm_user_assigned_identity.prodmyapp_sa_identity: Refreshing state... [id=/subscriptions/2b2f02f7-dde2-47db-974c-47d2182721ae/resourceGroups/myTFResourceGroup/providers/Microsoft.ManagedIdentity/userAssignedIdentities/my-storage-identity]
azurerm_public_ip.prodmyapp_pub_ips: Refreshing state... [id=/subscriptions/2b2f02f7-dde2-47db-974c-47d2182721ae/resourceGroups/myTFResourceGroup/providers/Microsoft.Network/publicIPAddresses/prodmyapp_public_ip1]
azurerm_network_security_group.prodmyapp_sg_linux: Refreshing state... [id=/subscriptions/2b2f02f7-dde2-47db-974c-47d2182721ae/resourceGroups/myTFResourceGroup/providers/Microsoft.Network/networkSecurityGroups/open-security-group]
azurerm_public_ip.prodmyapp_pub_ip_windows: Refreshing state... [id=/subscriptions/2b2f02f7-dde2-47db-974c-47d2182721ae/resourceGroups/myTFResourceGroup/providers/Microsoft.Network/publicIPAddresses/win-public-ip]
azurerm_key_vault.prodmyapp: Refreshing state... [id=/subscriptions/2b2f02f7-dde2-47db-974c-47d2182721ae/resourceGroups/myTFResourceGroup/providers/Microsoft.KeyVault/vaults/prodmyappkv]
azurerm_network_security_group.prodmyapp_nsg_windows: Refreshing state... [id=/subscriptions/2b2f02f7-dde2-47db-974c-47d2182721ae/resourceGroups/myTFResourceGroup/providers/Microsoft.Network/networkSecurityGroups/windows-secure-nsg]
azurerm_virtual_network.prodmyapp_vnet: Refreshing state... [id=/subscriptions/2b2f02f7-dde2-47db-974c-47d2182721ae/resourceGroups/myTFResourceGroup/providers/Microsoft.Network/virtualNetworks/prodmyapp_virtual-network]
azurerm_storage_account.prodmyapp: Refreshing state... [id=/subscriptions/2b2f02f7-dde2-47db-974c-47d2182721ae/resourceGroups/myTFResourceGroup/providers/Microsoft.Storage/storageAccounts/prodmyapptfstate01]
azurerm_storage_account.prodmyapp_cmk: Refreshing state... [id=/subscriptions/2b2f02f7-dde2-47db-974c-47d2182721ae/resourceGroups/myTFResourceGroup/providers/Microsoft.Storage/storageAccounts/prodmyappsacmk01]
azurerm_subnet.pvt_subnet: Refreshing state... [id=/subscriptions/2b2f02f7-dde2-47db-974c-47d2182721ae/resourceGroups/myTFResourceGroup/providers/Microsoft.Network/virtualNetworks/prodmyapp_virtual-network/subnets/prodmyapp_pvt_subnet2]
azurerm_subnet.pub_subnet: Refreshing state... [id=/subscriptions/2b2f02f7-dde2-47db-974c-47d2182721ae/resourceGroups/myTFResourceGroup/providers/Microsoft.Network/virtualNetworks/prodmyapp_virtual-network/subnets/prodmyapp_pub_subnet1]
azurerm_subnet_network_security_group_association.pvt_subnet_nsg: Refreshing state... [id=/subscriptions/2b2f02f7-dde2-47db-974c-47d2182721ae/resourceGroups/myTFResourceGroup/providers/Microsoft.Network/virtualNetworks/prodmyapp_virtual-network/subnets/prodmyapp_pvt_subnet2]
azurerm_network_interface.prodmyapp_nic_windows: Refreshing state... [id=/subscriptions/2b2f02f7-dde2-47db-974c-47d2182721ae/resourceGroups/myTFResourceGroup/providers/Microsoft.Network/networkInterfaces/prodmyapp-win-nic]
azurerm_subnet_network_security_group_association.pub_subnet_nsg: Refreshing state... [id=/subscriptions/2b2f02f7-dde2-47db-974c-47d2182721ae/resourceGroups/myTFResourceGroup/providers/Microsoft.Network/virtualNetworks/prodmyapp_virtual-network/subnets/prodmyapp_pub_subnet1]
azurerm_role_assignment.storage_kv_crypto: Refreshing state... [id=/subscriptions/2b2f02f7-dde2-47db-974c-47d2182721ae/resourceGroups/myTFResourceGroup/providers/Microsoft.KeyVault/vaults/prodmyappkv/providers/Microsoft.Authorization/roleAssignments/aefe9ba4-338e-8c0c-9a57-5f61505a2dea]
azurerm_key_vault_secret.github_token: Refreshing state... [id=https://prodmyappkv.vault.azure.net/secrets/githubtoken/0f593de8fa8144e4854db02f5f525489]
azurerm_key_vault_secret.sp_client_id: Refreshing state... [id=https://prodmyappkv.vault.azure.net/secrets/sp-client-id/cb55e61ab48340c2abb4e63b1ad22e5c]
azurerm_key_vault_secret.sp_tenant_id: Refreshing state... [id=https://prodmyappkv.vault.azure.net/secrets/sp-tenant-id/c0d2c9eb5cf64d6ba457cb78d38171ab]
azurerm_key_vault_secret.sp_client_secret: Refreshing state... [id=https://prodmyappkv.vault.azure.net/secrets/sp-client-secret/7b0caf3e60b444fdb993437f4b0b8923]
azurerm_role_assignment.tf_kv_admin: Refreshing state... [id=/subscriptions/2b2f02f7-dde2-47db-974c-47d2182721ae/resourceGroups/myTFResourceGroup/providers/Microsoft.KeyVault/vaults/prodmyappkv/providers/Microsoft.Authorization/roleAssignments/e1017293-79a4-7204-8a24-8ba2b4f2457e]
azurerm_key_vault_secret.sp_subscription_id: Refreshing state... [id=https://prodmyappkv.vault.azure.net/secrets/sp-subscription-id/392c3168be9140f1ab860a75e569112b]
time_sleep.wait_for_kv_rbac: Refreshing state... [id=2026-01-24T15:17:41Z]
azurerm_key_vault_key.prodmyapp_key: Refreshing state... [id=https://prodmyappkv.vault.azure.net/keys/my-storage-cmk/51e0da2d9d5a4b53bfedce7faa0471cc]
data.azurerm_key_vault_secret.win_password: Reading...
data.azurerm_key_vault_secret.win_password: Read complete after 0s [id=https://prodmyappkv.vault.azure.net/secrets/windowsvmpassword01/37ef0fd5b8ed466da73c4e658bbba2bf]
azurerm_storage_container.prodmyapp: Refreshing state... [id=https://prodmyapptfstate01.blob.core.windows.net/mytfstate]
azurerm_disk_encryption_set.prod_des: Refreshing state... [id=/subscriptions/2b2f02f7-dde2-47db-974c-47d2182721ae/resourceGroups/myTFResourceGroup/providers/Microsoft.Compute/diskEncryptionSets/prod-des]
azurerm_role_assignment.des_kv_crypto: Refreshing state... [id=/subscriptions/2b2f02f7-dde2-47db-974c-47d2182721ae/resourceGroups/myTFResourceGroup/providers/Microsoft.KeyVault/vaults/prodmyappkv/providers/Microsoft.Authorization/roleAssignments/4f38d83b-6110-8bb5-19dd-7f72f076d8de]
azurerm_storage_account_customer_managed_key.prodmyapp_sa_cmk: Refreshing state... [id=/subscriptions/2b2f02f7-dde2-47db-974c-47d2182721ae/resourceGroups/myTFResourceGroup/providers/Microsoft.Storage/storageAccounts/prodmyappsacmk01]
azurerm_role_assignment.terraform_backend_storage_access: Refreshing state... [id=/subscriptions/2b2f02f7-dde2-47db-974c-47d2182721ae/resourceGroups/myTFResourceGroup/providers/Microsoft.Storage/storageAccounts/prodmyapptfstate01/blobServices/default/containers/mytfstate/providers/Microsoft.Authorization/roleAssignments/cacfe159-e1ec-59c3-855e-bc022194d3ce]
time_sleep.wait_for_des_rbac: Refreshing state... [id=2026-03-03T15:27:03Z]
azurerm_linux_virtual_machine.linux_vm: Refreshing state... [id=/subscriptions/2b2f02f7-dde2-47db-974c-47d2182721ae/resourceGroups/myTFResourceGroup/providers/Microsoft.Compute/virtualMachines/linux_vm_01]
azurerm_windows_virtual_machine.prodmyapp_windows_vm: Refreshing state... [id=/subscriptions/2b2f02f7-dde2-47db-974c-47d2182721ae/resourceGroups/myTFResourceGroup/providers/Microsoft.Compute/virtualMachines/windows_vm_01]

No changes. Your infrastructure still matches the configuration.

Terraform has checked that the real remote objects still match the result of
your most recent changes, and found no differences.
Releasing state lock. This may take a few moments...

Apply complete! Resources: 0 added, 0 changed, 0 destroyed.

Outputs:

vm_public_ip = "20.5.121.162"
