Acquiring state lock. This may take a few moments...
local_sensitive_file.private_key_pem: Creating...
azurerm_linux_virtual_machine.linux_vm[0]: Creating...
azurerm_linux_virtual_machine.linux_vm[1]: Creating...

Error: Create local sensitive file error

  with local_sensitive_file.private_key_pem,
  on main.tf line 886, in resource "local_sensitive_file" "private_key_pem":
 886: resource "local_sensitive_file" "private_key_pem" {

An unexpected error occurred while writing the file

+Original Error: open /home/cloud-user/.ssh/prodmyapp_vm1.pem: permission
denied

Error: a resource with the ID "/subscriptions/2b2f02f7-dde2-47db-974c-47d2182721ae/resourceGroups/myTFResourceGroup/providers/Microsoft.Compute/virtualMachines/linux-vm-02" already exists - to be managed via Terraform this resource needs to be imported into the State. Please see the resource documentation for "azurerm_linux_virtual_machine" for more information

  with azurerm_linux_virtual_machine.linux_vm[1],
  on main.tf line 1398, in resource "azurerm_linux_virtual_machine" "linux_vm":
1398: resource "azurerm_linux_virtual_machine" "linux_vm" {


Error: a resource with the ID "/subscriptions/2b2f02f7-dde2-47db-974c-47d2182721ae/resourceGroups/myTFResourceGroup/providers/Microsoft.Compute/virtualMachines/linux-vm-01" already exists - to be managed via Terraform this resource needs to be imported into the State. Please see the resource documentation for "azurerm_linux_virtual_machine" for more information

  with azurerm_linux_virtual_machine.linux_vm[0],
  on main.tf line 1398, in resource "azurerm_linux_virtual_machine" "linux_vm":
1398: resource "azurerm_linux_virtual_machine" "linux_vm" {

Releasing state lock. This may take a few moments...
Terraform apply failed. Synchronizing Terraform state with Azure...
Acquiring state lock. This may take a few moments...
null_resource.validate_vm_size: Refreshing state... [id=2258612548479758890]
tls_private_key.vm_ssh: Refreshing state... [id=8a72a3cf1152e41fd222a518179fd129a98db199]
local_file.public_key_openssh: Refreshing state... [id=1ba6347b847919ec833c26c2cdbb61e6a6906f7e]
data.azuread_service_principal.prodmyapp: Reading...
data.azuread_service_principal.prodmyapp: Read complete after 1s [id=3a64aed9-8685-4f60-bad4-c7a0b3e0e4d2]
data.azurerm_client_config.current: Reading...
azurerm_policy_definition.require_deployment_id: Refreshing state... [id=/subscriptions/2b2f02f7-dde2-47db-974c-47d2182721ae/providers/Microsoft.Authorization/policyDefinitions/require-deployment-id-tag]
azurerm_policy_definition.require_managed_by: Refreshing state... [id=/subscriptions/2b2f02f7-dde2-47db-974c-47d2182721ae/providers/Microsoft.Authorization/policyDefinitions/require-managed-by-tag]
azurerm_policy_definition.require_environment: Refreshing state... [id=/subscriptions/2b2f02f7-dde2-47db-974c-47d2182721ae/providers/Microsoft.Authorization/policyDefinitions/require-environment-tag]
azurerm_resource_group.prodmyapp: Refreshing state... [id=/subscriptions/2b2f02f7-dde2-47db-974c-47d2182721ae/resourceGroups/myTFResourceGroup]
data.azurerm_client_config.current: Read complete after 0s [id=Y2xpZW50Q29uZmlncy9jbGllbnRJZD0wNGIwNzc5NS04ZGRiLTQ2MWEtYmJlZS0wMmY5ZTFiZjdiNDY7b2JqZWN0SWQ9M2E2NGFlZDktODY4NS00ZjYwLWJhZDQtYzdhMGIzZTBlNGQyO3N1YnNjcmlwdGlvbklkPTJiMmYwMmY3LWRkZTItNDdkYi05NzRjLTQ3ZDIxODI3MjFhZTt0ZW5hbnRJZD1mMTc1YzU2ZC00MDEzLTQyZmEtYTBlOC00MTAzZDIyNzZhMGQ=]
azurerm_network_security_group.prodmyapp_nsg_shared: Refreshing state... [id=/subscriptions/2b2f02f7-dde2-47db-974c-47d2182721ae/resourceGroups/myTFResourceGroup/providers/Microsoft.Network/networkSecurityGroups/open-security-group]
azurerm_virtual_network.prodmyapp_vnet: Refreshing state... [id=/subscriptions/2b2f02f7-dde2-47db-974c-47d2182721ae/resourceGroups/myTFResourceGroup/providers/Microsoft.Network/virtualNetworks/prodmyapp_virtual-network]
azurerm_public_ip.windows[0]: Refreshing state... [id=/subscriptions/2b2f02f7-dde2-47db-974c-47d2182721ae/resourceGroups/myTFResourceGroup/providers/Microsoft.Network/publicIPAddresses/win-public-ip-01]
azurerm_resource_group_policy_assignment.rg_environment: Refreshing state... [id=/subscriptions/2b2f02f7-dde2-47db-974c-47d2182721ae/resourceGroups/myTFResourceGroup/providers/Microsoft.Authorization/policyAssignments/rg-require-environment]
azurerm_public_ip.windows[1]: Refreshing state... [id=/subscriptions/2b2f02f7-dde2-47db-974c-47d2182721ae/resourceGroups/myTFResourceGroup/providers/Microsoft.Network/publicIPAddresses/win-public-ip-02]
azurerm_resource_group_policy_assignment.rg_managed_by: Refreshing state... [id=/subscriptions/2b2f02f7-dde2-47db-974c-47d2182721ae/resourceGroups/myTFResourceGroup/providers/Microsoft.Authorization/policyAssignments/rg-require-managed-by]
azurerm_key_vault.prodmyapp: Refreshing state... [id=/subscriptions/2b2f02f7-dde2-47db-974c-47d2182721ae/resourceGroups/myTFResourceGroup/providers/Microsoft.KeyVault/vaults/prodmyappkv]
azurerm_user_assigned_identity.prodmyapp_sa_identity: Refreshing state... [id=/subscriptions/2b2f02f7-dde2-47db-974c-47d2182721ae/resourceGroups/myTFResourceGroup/providers/Microsoft.ManagedIdentity/userAssignedIdentities/my-storage-identity]
azurerm_public_ip.linux[1]: Refreshing state... [id=/subscriptions/2b2f02f7-dde2-47db-974c-47d2182721ae/resourceGroups/myTFResourceGroup/providers/Microsoft.Network/publicIPAddresses/linux-pip-2]
azurerm_public_ip.linux[0]: Refreshing state... [id=/subscriptions/2b2f02f7-dde2-47db-974c-47d2182721ae/resourceGroups/myTFResourceGroup/providers/Microsoft.Network/publicIPAddresses/linux-pip-1]
azurerm_public_ip.windows[2]: Refreshing state... [id=/subscriptions/2b2f02f7-dde2-47db-974c-47d2182721ae/resourceGroups/myTFResourceGroup/providers/Microsoft.Network/publicIPAddresses/win-public-ip-03]
azurerm_resource_group_policy_assignment.rg_deployment_id: Refreshing state... [id=/subscriptions/2b2f02f7-dde2-47db-974c-47d2182721ae/resourceGroups/myTFResourceGroup/providers/Microsoft.Authorization/policyAssignments/rg-require-deployment-id]
azurerm_subnet.pub_subnet: Refreshing state... [id=/subscriptions/2b2f02f7-dde2-47db-974c-47d2182721ae/resourceGroups/myTFResourceGroup/providers/Microsoft.Network/virtualNetworks/prodmyapp_virtual-network/subnets/prodmyapp_pub_subnet1]
azurerm_subnet.pvt_subnet: Refreshing state... [id=/subscriptions/2b2f02f7-dde2-47db-974c-47d2182721ae/resourceGroups/myTFResourceGroup/providers/Microsoft.Network/virtualNetworks/prodmyapp_virtual-network/subnets/prodmyapp_pvt_subnet2]
azurerm_storage_account.prodmyapp: Refreshing state... [id=/subscriptions/2b2f02f7-dde2-47db-974c-47d2182721ae/resourceGroups/myTFResourceGroup/providers/Microsoft.Storage/storageAccounts/prodmyappsacmk01]
azurerm_network_interface.windows[2]: Refreshing state... [id=/subscriptions/2b2f02f7-dde2-47db-974c-47d2182721ae/resourceGroups/myTFResourceGroup/providers/Microsoft.Network/networkInterfaces/win-nic-03]
azurerm_network_interface.windows[0]: Refreshing state... [id=/subscriptions/2b2f02f7-dde2-47db-974c-47d2182721ae/resourceGroups/myTFResourceGroup/providers/Microsoft.Network/networkInterfaces/win-nic-01]
azurerm_network_interface.linux[0]: Refreshing state... [id=/subscriptions/2b2f02f7-dde2-47db-974c-47d2182721ae/resourceGroups/myTFResourceGroup/providers/Microsoft.Network/networkInterfaces/linux-nic-01]
azurerm_network_interface.windows[1]: Refreshing state... [id=/subscriptions/2b2f02f7-dde2-47db-974c-47d2182721ae/resourceGroups/myTFResourceGroup/providers/Microsoft.Network/networkInterfaces/win-nic-02]
azurerm_subnet_network_security_group_association.pub_subnet_nsg: Refreshing state... [id=/subscriptions/2b2f02f7-dde2-47db-974c-47d2182721ae/resourceGroups/myTFResourceGroup/providers/Microsoft.Network/virtualNetworks/prodmyapp_virtual-network/subnets/prodmyapp_pub_subnet1]
azurerm_subnet_network_security_group_association.pvt_subnet_nsg: Refreshing state... [id=/subscriptions/2b2f02f7-dde2-47db-974c-47d2182721ae/resourceGroups/myTFResourceGroup/providers/Microsoft.Network/virtualNetworks/prodmyapp_virtual-network/subnets/prodmyapp_pvt_subnet2]
azurerm_network_interface.linux[1]: Refreshing state... [id=/subscriptions/2b2f02f7-dde2-47db-974c-47d2182721ae/resourceGroups/myTFResourceGroup/providers/Microsoft.Network/networkInterfaces/linux-nic-02]
azurerm_role_assignment.tf_kv_admin: Refreshing state... [id=/subscriptions/2b2f02f7-dde2-47db-974c-47d2182721ae/resourceGroups/myTFResourceGroup/providers/Microsoft.KeyVault/vaults/prodmyappkv/providers/Microsoft.Authorization/roleAssignments/d9e169d9-c689-f1ee-c3a7-3bb1f5b6f37b]
azurerm_key_vault_secret.github_token: Refreshing state... [id=https://prodmyappkv.vault.azure.net/secrets/githubtoken/587c6f85ea8b4c5d88740a0fe18cefca]
azurerm_key_vault_secret.sp_client_secret: Refreshing state... [id=https://prodmyappkv.vault.azure.net/secrets/sp-client-secret/fdb2e08062544e90a6c3ecfb6a25897f]
azurerm_role_assignment.storage_kv_crypto: Refreshing state... [id=/subscriptions/2b2f02f7-dde2-47db-974c-47d2182721ae/resourceGroups/myTFResourceGroup/providers/Microsoft.KeyVault/vaults/prodmyappkv/providers/Microsoft.Authorization/roleAssignments/d1648830-65b8-0064-48c5-441d75dea67a]
azurerm_key_vault_secret.sp_client_id: Refreshing state... [id=https://prodmyappkv.vault.azure.net/secrets/sp-client-id/d7fb0faf32524ce48be82c8a1abaa501]
azurerm_key_vault_secret.sp_subscription_id: Refreshing state... [id=https://prodmyappkv.vault.azure.net/secrets/sp-subscription-id/380b5a9f9c6e44d4b10468e2b1df6ca1]
azurerm_key_vault_secret.sp_tenant_id: Refreshing state... [id=https://prodmyappkv.vault.azure.net/secrets/sp-tenant-id/abe0edc6d4dd450e86dc8ac101fb4212]
time_sleep.wait_for_kv_rbac: Refreshing state... [id=2026-04-20T10:45:24Z]
azurerm_key_vault_key.prodmyapp_key: Refreshing state... [id=https://prodmyappkv.vault.azure.net/keys/my-storage-cmk/51e0da2d9d5a4b53bfedce7faa0471cc]
azurerm_storage_container.prodmyapp: Refreshing state... [id=/subscriptions/2b2f02f7-dde2-47db-974c-47d2182721ae/resourceGroups/myTFResourceGroup/providers/Microsoft.Storage/storageAccounts/prodmyappsacmk01/blobServices/default/containers/mytfstate]
azurerm_storage_account_customer_managed_key.prodmyapp_sa_cmk: Refreshing state... [id=/subscriptions/2b2f02f7-dde2-47db-974c-47d2182721ae/resourceGroups/myTFResourceGroup/providers/Microsoft.Storage/storageAccounts/prodmyappsacmk01]
azurerm_disk_encryption_set.prod_des: Refreshing state... [id=/subscriptions/2b2f02f7-dde2-47db-974c-47d2182721ae/resourceGroups/myTFResourceGroup/providers/Microsoft.Compute/diskEncryptionSets/prod-des]
azurerm_role_assignment.des_kv_crypto: Refreshing state... [id=/subscriptions/2b2f02f7-dde2-47db-974c-47d2182721ae/resourceGroups/myTFResourceGroup/providers/Microsoft.KeyVault/vaults/prodmyappkv/providers/Microsoft.Authorization/roleAssignments/6cad63bb-2172-dd68-e0d5-eb1c0c662ed3]
azurerm_role_assignment.terraform_backend_storage_access: Refreshing state... [id=/subscriptions/2b2f02f7-dde2-47db-974c-47d2182721ae/resourceGroups/myTFResourceGroup/providers/Microsoft.Storage/storageAccounts/prodmyappsacmk01/blobServices/default/containers/mytfstate/providers/Microsoft.Authorization/roleAssignments/52e4c051-0a07-1a95-7783-c649efbc7865]
time_sleep.wait_for_des_rbac: Refreshing state... [id=2026-04-26T15:25:29Z]
azurerm_windows_virtual_machine.windows_vm[0]: Refreshing state... [id=/subscriptions/2b2f02f7-dde2-47db-974c-47d2182721ae/resourceGroups/myTFResourceGroup/providers/Microsoft.Compute/virtualMachines/windows-vm-01]
azurerm_windows_virtual_machine.windows_vm[2]: Refreshing state... [id=/subscriptions/2b2f02f7-dde2-47db-974c-47d2182721ae/resourceGroups/myTFResourceGroup/providers/Microsoft.Compute/virtualMachines/windows-vm-03]
azurerm_windows_virtual_machine.windows_vm[1]: Refreshing state... [id=/subscriptions/2b2f02f7-dde2-47db-974c-47d2182721ae/resourceGroups/myTFResourceGroup/providers/Microsoft.Compute/virtualMachines/windows-vm-02]

Changes to Outputs:
  ~ debug_tags = {
      ~ creation_time   = "2026-05-13T15:22:06Z" -> (known after apply)
        # (4 unchanged attributes hidden)
    }

You can apply this plan to save these new output values to the Terraform
state, without changing any real infrastructure.
Releasing state lock. This may take a few moments...

Apply complete! Resources: 0 added, 0 changed, 0 destroyed.

Outputs:

debug_tags = {
  "creation_run_id" = "448"
  "creation_time" = "2026-05-13T15:22:44Z"
  "deployment_id" = "prodmyapp"
  "environment" = "prod"
  "managed_by" = "terraform"
}
