Acquiring state lock. This may take a few moments...
azurerm_windows_virtual_machine.prodmyapp_windows_vm: Creating...
azurerm_windows_virtual_machine.prodmyapp_windows_vm: Still creating... [00m10s elapsed]
azurerm_windows_virtual_machine.prodmyapp_windows_vm: Still creating... [00m20s elapsed]
azurerm_windows_virtual_machine.prodmyapp_windows_vm: Still creating... [00m30s elapsed]
azurerm_windows_virtual_machine.prodmyapp_windows_vm: Still creating... [00m40s elapsed]
azurerm_windows_virtual_machine.prodmyapp_windows_vm: Still creating... [00m50s elapsed]
azurerm_windows_virtual_machine.prodmyapp_windows_vm: Still creating... [01m00s elapsed]
azurerm_windows_virtual_machine.prodmyapp_windows_vm: Still creating... [01m10s elapsed]
azurerm_windows_virtual_machine.prodmyapp_windows_vm: Still creating... [01m20s elapsed]
azurerm_windows_virtual_machine.prodmyapp_windows_vm: Still creating... [01m30s elapsed]
azurerm_windows_virtual_machine.prodmyapp_windows_vm: Creation complete after 1m38s [id=/subscriptions/2b2f02f7-dde2-47db-974c-47d2182721ae/resourceGroups/myTFResourceGroup/providers/Microsoft.Compute/virtualMachines/windows_vm_01]
Releasing state lock. This may take a few moments...

Apply complete! Resources: 1 added, 0 changed, 0 destroyed.

Outputs:

debug_tags = {
  "creation_run_id" = "432"
  "creation_time" = "2026-05-01T11:18:07Z"
  "deployment_id" = "prodmyapp"
  "environment" = "prod"
  "managed_by" = "terraform"
}
vm_public_ip = "68.218.73.131"
win_vm_public_ip = "20.58.163.30"
