Acquiring state lock. This may take a few moments...
null_resource.validate_vm_size: Refreshing state... [id=3688996702491092770]
tls_private_key.vm_ssh: Refreshing state... [id=3f41b7f5f82dbadce6d1f0563e9a676fd390031f]
local_sensitive_file.private_key_pem: Refreshing state... [id=a70b04f6f86174d4edb4e9279305475fed74d30b]
local_file.public_key_openssh: Refreshing state... [id=ef769e7d437e35cfc54efad2fab95746b91649a5]
data.azuread_service_principal.prodmyapp: Reading...
data.azuread_service_principal.prodmyapp: Read complete after 3s [id=3a64aed9-8685-4f60-bad4-c7a0b3e0e4d2]
data.azurerm_client_config.current: Reading...
azurerm_resource_group.prodmyapp: Refreshing state... [id=/subscriptions/2b2f02f7-dde2-47db-974c-47d2182721ae/resourceGroups/myTFResourceGroup]
data.azurerm_client_config.current: Read complete after 7s [id=Y2xpZW50Q29uZmlncy9jbGllbnRJZD0wNGIwNzc5NS04ZGRiLTQ2MWEtYmJlZS0wMmY5ZTFiZjdiNDY7b2JqZWN0SWQ9M2E2NGFlZDktODY4NS00ZjYwLWJhZDQtYzdhMGIzZTBlNGQyO3N1YnNjcmlwdGlvbklkPTJiMmYwMmY3LWRkZTItNDdkYi05NzRjLTQ3ZDIxODI3MjFhZTt0ZW5hbnRJZD1mMTc1YzU2ZC00MDEzLTQyZmEtYTBlOC00MTAzZDIyNzZhMGQ=]
azurerm_public_ip.prodmyapp_pub_ips: Refreshing state... [id=/subscriptions/2b2f02f7-dde2-47db-974c-47d2182721ae/resourceGroups/myTFResourceGroup/providers/Microsoft.Network/publicIPAddresses/prodmyapp_public_ip1]
azurerm_user_assigned_identity.prodmyapp_sa_identity: Refreshing state... [id=/subscriptions/2b2f02f7-dde2-47db-974c-47d2182721ae/resourceGroups/myTFResourceGroup/providers/Microsoft.ManagedIdentity/userAssignedIdentities/my-storage-identity]
azurerm_storage_account.prodmyapp: Refreshing state... [id=/subscriptions/2b2f02f7-dde2-47db-974c-47d2182721ae/resourceGroups/myTFResourceGroup/providers/Microsoft.Storage/storageAccounts/prodmyapptfstate01]
azurerm_virtual_network.prodmyapp_vnet: Refreshing state... [id=/subscriptions/2b2f02f7-dde2-47db-974c-47d2182721ae/resourceGroups/myTFResourceGroup/providers/Microsoft.Network/virtualNetworks/prodmyapp_virtual-network]
azurerm_key_vault.prodmyapp: Refreshing state... [id=/subscriptions/2b2f02f7-dde2-47db-974c-47d2182721ae/resourceGroups/myTFResourceGroup/providers/Microsoft.KeyVault/vaults/prodmyappkv]
azurerm_network_security_group.prodmyapp_sg: Refreshing state... [id=/subscriptions/2b2f02f7-dde2-47db-974c-47d2182721ae/resourceGroups/myTFResourceGroup/providers/Microsoft.Network/networkSecurityGroups/open-security-group]
azurerm_subnet.pvt_subnet: Refreshing state... [id=/subscriptions/2b2f02f7-dde2-47db-974c-47d2182721ae/resourceGroups/myTFResourceGroup/providers/Microsoft.Network/virtualNetworks/prodmyapp_virtual-network/subnets/prodmyapp_pvt_subnet2]
azurerm_subnet.pub_subnet: Refreshing state... [id=/subscriptions/2b2f02f7-dde2-47db-974c-47d2182721ae/resourceGroups/myTFResourceGroup/providers/Microsoft.Network/virtualNetworks/prodmyapp_virtual-network/subnets/prodmyapp_pub_subnet1]
azurerm_storage_account.prodmyapp_cmk: Refreshing state... [id=/subscriptions/2b2f02f7-dde2-47db-974c-47d2182721ae/resourceGroups/myTFResourceGroup/providers/Microsoft.Storage/storageAccounts/prodmyappsacmk01]
azurerm_network_interface.prodmyapp_nic: Refreshing state... [id=/subscriptions/2b2f02f7-dde2-47db-974c-47d2182721ae/resourceGroups/myTFResourceGroup/providers/Microsoft.Network/networkInterfaces/prodmyapp-nic1]
azurerm_subnet_network_security_group_association.pub_subnet_nsg: Refreshing state... [id=/subscriptions/2b2f02f7-dde2-47db-974c-47d2182721ae/resourceGroups/myTFResourceGroup/providers/Microsoft.Network/virtualNetworks/prodmyapp_virtual-network/subnets/prodmyapp_pub_subnet1]
azurerm_subnet_network_security_group_association.pvt_subnet_nsg: Refreshing state... [id=/subscriptions/2b2f02f7-dde2-47db-974c-47d2182721ae/resourceGroups/myTFResourceGroup/providers/Microsoft.Network/virtualNetworks/prodmyapp_virtual-network/subnets/prodmyapp_pvt_subnet2]
azurerm_network_interface_security_group_association.nic_nsg_assn: Refreshing state... [id=/subscriptions/2b2f02f7-dde2-47db-974c-47d2182721ae/resourceGroups/myTFResourceGroup/providers/Microsoft.Network/networkInterfaces/prodmyapp-nic1|/subscriptions/2b2f02f7-dde2-47db-974c-47d2182721ae/resourceGroups/myTFResourceGroup/providers/Microsoft.Network/networkSecurityGroups/open-security-group]

Changes to Outputs:
  + vm_public_ip = "20.5.121.162"

You can apply this plan to save these new output values to the Terraform
state, without changing any real infrastructure.

Error: reading blob properties for Storage Account (Subscription: "2b2f02f7-dde2-47db-974c-47d2182721ae"
Resource Group Name: "myTFResourceGroup"
Storage Account Name: "prodmyapptfstate01"): Get "https://management.azure.com/subscriptions/2b2f02f7-dde2-47db-974c-47d2182721ae/resourceGroups/myTFResourceGroup/providers/Microsoft.Storage/storageAccounts/prodmyapptfstate01/blobServices/default?api-version=2023-01-01": context deadline exceeded

  with azurerm_storage_account.prodmyapp,
  on main.tf line 129, in resource "azurerm_storage_account" "prodmyapp":
 129: resource "azurerm_storage_account" "prodmyapp" {


Error: retrieving `contact` for KeyVault: keyvault.BaseClient#GetCertificateContacts: Failure sending request: StatusCode=0 -- Original Error: context deadline exceeded

  with azurerm_key_vault.prodmyapp,
  on main.tf line 242, in resource "azurerm_key_vault" "prodmyapp":
 242: resource "azurerm_key_vault" "prodmyapp" {

Releasing state lock. This may take a few moments...
