Acquiring state lock. This may take a few moments...
tls_private_key.vm_ssh: Refreshing state... [id=3f41b7f5f82dbadce6d1f0563e9a676fd390031f]
null_resource.validate_vm_size: Refreshing state... [id=3688996702491092770]
local_sensitive_file.private_key_pem: Refreshing state... [id=a70b04f6f86174d4edb4e9279305475fed74d30b]
local_file.public_key_openssh: Refreshing state... [id=ef769e7d437e35cfc54efad2fab95746b91649a5]
data.azuread_service_principal.prodmyapp: Reading...
data.azuread_service_principal.prodmyapp: Read complete after 2s [id=3a64aed9-8685-4f60-bad4-c7a0b3e0e4d2]
data.azurerm_client_config.current: Reading...
azurerm_resource_group.prodmyapp: Refreshing state... [id=/subscriptions/2b2f02f7-dde2-47db-974c-47d2182721ae/resourceGroups/myTFResourceGroup]
data.azurerm_client_config.current: Read complete after 0s [id=Y2xpZW50Q29uZmlncy9jbGllbnRJZD0wNGIwNzc5NS04ZGRiLTQ2MWEtYmJlZS0wMmY5ZTFiZjdiNDY7b2JqZWN0SWQ9M2E2NGFlZDktODY4NS00ZjYwLWJhZDQtYzdhMGIzZTBlNGQyO3N1YnNjcmlwdGlvbklkPTJiMmYwMmY3LWRkZTItNDdkYi05NzRjLTQ3ZDIxODI3MjFhZTt0ZW5hbnRJZD1mMTc1YzU2ZC00MDEzLTQyZmEtYTBlOC00MTAzZDIyNzZhMGQ=]
azurerm_key_vault.prodmyapp: Refreshing state... [id=/subscriptions/2b2f02f7-dde2-47db-974c-47d2182721ae/resourceGroups/myTFResourceGroup/providers/Microsoft.KeyVault/vaults/prodmyappkv]
azurerm_network_security_group.prodmyapp_sg: Refreshing state... [id=/subscriptions/2b2f02f7-dde2-47db-974c-47d2182721ae/resourceGroups/myTFResourceGroup/providers/Microsoft.Network/networkSecurityGroups/open-security-group]
azurerm_public_ip.prodmyapp_pub_ips: Refreshing state... [id=/subscriptions/2b2f02f7-dde2-47db-974c-47d2182721ae/resourceGroups/myTFResourceGroup/providers/Microsoft.Network/publicIPAddresses/prodmyapp_public_ip1]
azurerm_virtual_network.prodmyapp_vnet: Refreshing state... [id=/subscriptions/2b2f02f7-dde2-47db-974c-47d2182721ae/resourceGroups/myTFResourceGroup/providers/Microsoft.Network/virtualNetworks/prodmyapp_virtual-network]
azurerm_storage_account.prodmyapp: Refreshing state... [id=/subscriptions/2b2f02f7-dde2-47db-974c-47d2182721ae/resourceGroups/myTFResourceGroup/providers/Microsoft.Storage/storageAccounts/prodmyapptfstate01]
azurerm_subnet.pvt_subnet: Refreshing state... [id=/subscriptions/2b2f02f7-dde2-47db-974c-47d2182721ae/resourceGroups/myTFResourceGroup/providers/Microsoft.Network/virtualNetworks/prodmyapp_virtual-network/subnets/prodmyapp_pvt_subnet2]
azurerm_user_assigned_identity.prodmyapp_sa_identity: Refreshing state... [id=/subscriptions/2b2f02f7-dde2-47db-974c-47d2182721ae/resourceGroups/myTFResourceGroup/providers/Microsoft.ManagedIdentity/userAssignedIdentities/my-storage-identity]
azurerm_subnet.pub_subnet: Refreshing state... [id=/subscriptions/2b2f02f7-dde2-47db-974c-47d2182721ae/resourceGroups/myTFResourceGroup/providers/Microsoft.Network/virtualNetworks/prodmyapp_virtual-network/subnets/prodmyapp_pub_subnet1]
azurerm_subnet_network_security_group_association.pvt_subnet_nsg: Refreshing state... [id=/subscriptions/2b2f02f7-dde2-47db-974c-47d2182721ae/resourceGroups/myTFResourceGroup/providers/Microsoft.Network/virtualNetworks/prodmyapp_virtual-network/subnets/prodmyapp_pvt_subnet2]
azurerm_network_interface.prodmyapp_nic: Refreshing state... [id=/subscriptions/2b2f02f7-dde2-47db-974c-47d2182721ae/resourceGroups/myTFResourceGroup/providers/Microsoft.Network/networkInterfaces/prodmyapp-nic1]
azurerm_storage_account.prodmyapp_cmk: Refreshing state... [id=/subscriptions/2b2f02f7-dde2-47db-974c-47d2182721ae/resourceGroups/myTFResourceGroup/providers/Microsoft.Storage/storageAccounts/prodmyappsacmk01]
azurerm_key_vault_secret.sp_subscription_id: Refreshing state... [id=https://prodmyappkv.vault.azure.net/secrets/sp-subscription-id/392c3168be9140f1ab860a75e569112b]
azurerm_role_assignment.storage_kv_crypto: Refreshing state... [id=/subscriptions/2b2f02f7-dde2-47db-974c-47d2182721ae/resourceGroups/myTFResourceGroup/providers/Microsoft.KeyVault/vaults/prodmyappkv/providers/Microsoft.Authorization/roleAssignments/aefe9ba4-338e-8c0c-9a57-5f61505a2dea]
azurerm_subnet_network_security_group_association.pub_subnet_nsg: Refreshing state... [id=/subscriptions/2b2f02f7-dde2-47db-974c-47d2182721ae/resourceGroups/myTFResourceGroup/providers/Microsoft.Network/virtualNetworks/prodmyapp_virtual-network/subnets/prodmyapp_pub_subnet1]
azurerm_key_vault_secret.sp_client_id: Refreshing state... [id=https://prodmyappkv.vault.azure.net/secrets/sp-client-id/cb55e61ab48340c2abb4e63b1ad22e5c]
azurerm_role_assignment.tf_kv_admin: Refreshing state... [id=/subscriptions/2b2f02f7-dde2-47db-974c-47d2182721ae/resourceGroups/myTFResourceGroup/providers/Microsoft.KeyVault/vaults/prodmyappkv/providers/Microsoft.Authorization/roleAssignments/e1017293-79a4-7204-8a24-8ba2b4f2457e]
azurerm_key_vault_secret.sp_tenant_id: Refreshing state... [id=https://prodmyappkv.vault.azure.net/secrets/sp-tenant-id/c0d2c9eb5cf64d6ba457cb78d38171ab]
azurerm_key_vault_secret.github_token: Refreshing state... [id=https://prodmyappkv.vault.azure.net/secrets/githubtoken/0f593de8fa8144e4854db02f5f525489]
azurerm_network_interface_security_group_association.nic_nsg_assn: Refreshing state... [id=/subscriptions/2b2f02f7-dde2-47db-974c-47d2182721ae/resourceGroups/myTFResourceGroup/providers/Microsoft.Network/networkInterfaces/prodmyapp-nic1|/subscriptions/2b2f02f7-dde2-47db-974c-47d2182721ae/resourceGroups/myTFResourceGroup/providers/Microsoft.Network/networkSecurityGroups/open-security-group]
azurerm_key_vault_secret.sp_client_secret: Refreshing state... [id=https://prodmyappkv.vault.azure.net/secrets/sp-client-secret/7b0caf3e60b444fdb993437f4b0b8923]
azurerm_storage_container.prodmyapp: Refreshing state... [id=https://prodmyapptfstate01.blob.core.windows.net/mytfstate]
time_sleep.wait_for_kv_rbac: Refreshing state... [id=2026-01-24T15:17:41Z]
azurerm_key_vault_key.prodmyapp_key: Refreshing state... [id=https://prodmyappkv.vault.azure.net/keys/my-storage-cmk/51e0da2d9d5a4b53bfedce7faa0471cc]
azurerm_role_assignment.terraform_backend_storage_access: Refreshing state... [id=/subscriptions/2b2f02f7-dde2-47db-974c-47d2182721ae/resourceGroups/myTFResourceGroup/providers/Microsoft.Storage/storageAccounts/prodmyapptfstate01/blobServices/default/containers/mytfstate/providers/Microsoft.Authorization/roleAssignments/cacfe159-e1ec-59c3-855e-bc022194d3ce]
azurerm_storage_account_customer_managed_key.prodmyapp_sa_cmk: Refreshing state... [id=/subscriptions/2b2f02f7-dde2-47db-974c-47d2182721ae/resourceGroups/myTFResourceGroup/providers/Microsoft.Storage/storageAccounts/prodmyappsacmk01]
azurerm_disk_encryption_set.prod_des: Refreshing state... [id=/subscriptions/2b2f02f7-dde2-47db-974c-47d2182721ae/resourceGroups/myTFResourceGroup/providers/Microsoft.Compute/diskEncryptionSets/prod-des]
azurerm_role_assignment.des_kv_crypto: Refreshing state... [id=/subscriptions/2b2f02f7-dde2-47db-974c-47d2182721ae/resourceGroups/myTFResourceGroup/providers/Microsoft.KeyVault/vaults/prodmyappkv/providers/Microsoft.Authorization/roleAssignments/4f38d83b-6110-8bb5-19dd-7f72f076d8de]
time_sleep.wait_for_des_rbac: Refreshing state... [id=2026-03-03T15:27:03Z]

Terraform used the selected providers to generate the following execution
plan. Resource actions are indicated with the following symbols:
  ~ update in-place

Terraform will perform the following actions:

  # azurerm_disk_encryption_set.prod_des will be updated in-place
  ~ resource "azurerm_disk_encryption_set" "prod_des" {
        id                        = "/subscriptions/2b2f02f7-dde2-47db-974c-47d2182721ae/resourceGroups/myTFResourceGroup/providers/Microsoft.Compute/diskEncryptionSets/prod-des"
        name                      = "prod-des"
      ~ tags                      = {
            "Name"          = "des-prod"
            "environment"   = "prod"
            "managed_by"    = "terraform"
          ~ "terraform_run" = "285" -> "286"
        }
        # (7 unchanged attributes hidden)

        # (1 unchanged block hidden)
    }

  # azurerm_key_vault.prodmyapp will be updated in-place
  ~ resource "azurerm_key_vault" "prodmyapp" {
        id                              = "/subscriptions/2b2f02f7-dde2-47db-974c-47d2182721ae/resourceGroups/myTFResourceGroup/providers/Microsoft.KeyVault/vaults/prodmyappkv"
        name                            = "prodmyappkv"
      ~ tags                            = {
            "Name"          = "kv-prodmyapp"
            "environment"   = "prod"
            "managed_by"    = "terraform"
          ~ "terraform_run" = "285" -> "286"
        }
        # (13 unchanged attributes hidden)

        # (1 unchanged block hidden)
    }

  # azurerm_key_vault_key.prodmyapp_key will be updated in-place
  ~ resource "azurerm_key_vault_key" "prodmyapp_key" {
        id                      = "https://prodmyappkv.vault.azure.net/keys/my-storage-cmk/51e0da2d9d5a4b53bfedce7faa0471cc"
        name                    = "my-storage-cmk"
      ~ tags                    = {
            "Name"          = "kv-key-cmk"
            "environment"   = "prod"
            "managed_by"    = "terraform"
          ~ "terraform_run" = "285" -> "286"
        }
        # (15 unchanged attributes hidden)
    }

  # azurerm_network_interface.prodmyapp_nic will be updated in-place
  ~ resource "azurerm_network_interface" "prodmyapp_nic" {
        id                             = "/subscriptions/2b2f02f7-dde2-47db-974c-47d2182721ae/resourceGroups/myTFResourceGroup/providers/Microsoft.Network/networkInterfaces/prodmyapp-nic1"
        name                           = "prodmyapp-nic1"
      ~ tags                           = {
            "Name"          = "nic-prod"
            "environment"   = "prod"
            "managed_by"    = "terraform"
          ~ "terraform_run" = "285" -> "286"
        }
        # (15 unchanged attributes hidden)

        # (1 unchanged block hidden)
    }

  # azurerm_network_security_group.prodmyapp_sg will be updated in-place
  ~ resource "azurerm_network_security_group" "prodmyapp_sg" {
        id                  = "/subscriptions/2b2f02f7-dde2-47db-974c-47d2182721ae/resourceGroups/myTFResourceGroup/providers/Microsoft.Network/networkSecurityGroups/open-security-group"
        name                = "open-security-group"
      ~ tags                = {
            "Name"          = "nsg-open"
            "environment"   = "prod"
            "managed_by"    = "terraform"
          ~ "terraform_run" = "285" -> "286"
        }
        # (3 unchanged attributes hidden)
    }

  # azurerm_public_ip.prodmyapp_pub_ips will be updated in-place
  ~ resource "azurerm_public_ip" "prodmyapp_pub_ips" {
        id                      = "/subscriptions/2b2f02f7-dde2-47db-974c-47d2182721ae/resourceGroups/myTFResourceGroup/providers/Microsoft.Network/publicIPAddresses/prodmyapp_public_ip1"
        name                    = "prodmyapp_public_ip1"
      ~ tags                    = {
            "Name"          = "pip-prod"
            "environment"   = "prod"
            "managed_by"    = "terraform"
          ~ "terraform_run" = "285" -> "286"
        }
        # (12 unchanged attributes hidden)
    }

  # azurerm_resource_group.prodmyapp will be updated in-place
  ~ resource "azurerm_resource_group" "prodmyapp" {
        id         = "/subscriptions/2b2f02f7-dde2-47db-974c-47d2182721ae/resourceGroups/myTFResourceGroup"
        name       = "myTFResourceGroup"
      ~ tags       = {
            "Name"          = "rg-prodmyapp"
            "environment"   = "prod"
            "managed_by"    = "terraform"
          ~ "terraform_run" = "285" -> "286"
        }
        # (2 unchanged attributes hidden)
    }

  # azurerm_storage_account.prodmyapp will be updated in-place
  ~ resource "azurerm_storage_account" "prodmyapp" {
        id                                 = "/subscriptions/2b2f02f7-dde2-47db-974c-47d2182721ae/resourceGroups/myTFResourceGroup/providers/Microsoft.Storage/storageAccounts/prodmyapptfstate01"
        name                               = "prodmyapptfstate01"
      ~ tags                               = {
            "Name"          = "st-tfstate"
            "environment"   = "prod"
            "managed_by"    = "terraform"
          ~ "terraform_run" = "285" -> "286"
        }
        # (96 unchanged attributes hidden)

        # (3 unchanged blocks hidden)
    }

  # azurerm_storage_account.prodmyapp_cmk will be updated in-place
  ~ resource "azurerm_storage_account" "prodmyapp_cmk" {
        id                                 = "/subscriptions/2b2f02f7-dde2-47db-974c-47d2182721ae/resourceGroups/myTFResourceGroup/providers/Microsoft.Storage/storageAccounts/prodmyappsacmk01"
        name                               = "prodmyappsacmk01"
      ~ tags                               = {
            "Name"          = "st-cmk"
            "environment"   = "prod"
            "managed_by"    = "terraform"
          ~ "terraform_run" = "285" -> "286"
        }
        # (96 unchanged attributes hidden)

        # (5 unchanged blocks hidden)
    }

  # azurerm_user_assigned_identity.prodmyapp_sa_identity will be updated in-place
  ~ resource "azurerm_user_assigned_identity" "prodmyapp_sa_identity" {
        id                  = "/subscriptions/2b2f02f7-dde2-47db-974c-47d2182721ae/resourceGroups/myTFResourceGroup/providers/Microsoft.ManagedIdentity/userAssignedIdentities/my-storage-identity"
        name                = "my-storage-identity"
      ~ tags                = {
            "Name"          = "identity-storage"
            "environment"   = "prod"
            "managed_by"    = "terraform"
          ~ "terraform_run" = "285" -> "286"
        }
        # (5 unchanged attributes hidden)
    }

  # azurerm_virtual_network.prodmyapp_vnet will be updated in-place
  ~ resource "azurerm_virtual_network" "prodmyapp_vnet" {
        id                      = "/subscriptions/2b2f02f7-dde2-47db-974c-47d2182721ae/resourceGroups/myTFResourceGroup/providers/Microsoft.Network/virtualNetworks/prodmyapp_virtual-network"
        name                    = "prodmyapp_virtual-network"
      ~ tags                    = {
            "Name"          = "vnet-prod"
            "environment"   = "prod"
            "managed_by"    = "terraform"
          ~ "terraform_run" = "285" -> "286"
        }
        # (9 unchanged attributes hidden)
    }

Plan: 0 to add, 11 to change, 0 to destroy.

─────────────────────────────────────────────────────────────────────────────

Saved the plan to: tfplan.binary

To perform exactly these actions, run the following command to apply:
    terraform apply "tfplan.binary"
Releasing state lock. This may take a few moments...
