Acquiring state lock. This may take a few moments...
null_resource.validate_vm_size: Creating...
null_resource.validate_vm_size: Creation complete after 0s [id=2258612548479758890]
azurerm_disk_encryption_set.prod_des: Creating...
azurerm_disk_encryption_set.prod_des: Still creating... [00m10s elapsed]
azurerm_disk_encryption_set.prod_des: Still creating... [00m20s elapsed]
azurerm_disk_encryption_set.prod_des: Creation complete after 28s [id=/subscriptions/2b2f02f7-dde2-47db-974c-47d2182721ae/resourceGroups/myTFResourceGroup/providers/Microsoft.Compute/diskEncryptionSets/prod-des]
azurerm_role_assignment.des_kv_crypto: Creating...
azurerm_role_assignment.des_kv_crypto: Still creating... [00m10s elapsed]
azurerm_role_assignment.des_kv_crypto: Still creating... [00m20s elapsed]
azurerm_role_assignment.des_kv_crypto: Still creating... [00m30s elapsed]
azurerm_role_assignment.des_kv_crypto: Creation complete after 36s [id=/subscriptions/2b2f02f7-dde2-47db-974c-47d2182721ae/resourceGroups/myTFResourceGroup/providers/Microsoft.KeyVault/vaults/prodmyappkv/providers/Microsoft.Authorization/roleAssignments/6cad63bb-2172-dd68-e0d5-eb1c0c662ed3]
time_sleep.wait_for_des_rbac: Creating...
time_sleep.wait_for_des_rbac: Still creating... [00m10s elapsed]
time_sleep.wait_for_des_rbac: Still creating... [00m20s elapsed]
time_sleep.wait_for_des_rbac: Still creating... [00m30s elapsed]
time_sleep.wait_for_des_rbac: Still creating... [00m40s elapsed]
time_sleep.wait_for_des_rbac: Still creating... [00m50s elapsed]
time_sleep.wait_for_des_rbac: Still creating... [01m00s elapsed]
time_sleep.wait_for_des_rbac: Still creating... [01m10s elapsed]
time_sleep.wait_for_des_rbac: Still creating... [01m20s elapsed]
time_sleep.wait_for_des_rbac: Still creating... [01m30s elapsed]
time_sleep.wait_for_des_rbac: Still creating... [01m40s elapsed]
time_sleep.wait_for_des_rbac: Still creating... [01m50s elapsed]
time_sleep.wait_for_des_rbac: Still creating... [02m00s elapsed]
time_sleep.wait_for_des_rbac: Still creating... [02m10s elapsed]
time_sleep.wait_for_des_rbac: Still creating... [02m20s elapsed]
time_sleep.wait_for_des_rbac: Still creating... [02m30s elapsed]
time_sleep.wait_for_des_rbac: Still creating... [02m40s elapsed]
time_sleep.wait_for_des_rbac: Still creating... [02m50s elapsed]
time_sleep.wait_for_des_rbac: Still creating... [03m00s elapsed]
time_sleep.wait_for_des_rbac: Creation complete after 3m0s [id=2026-04-26T15:25:29Z]
Releasing state lock. This may take a few moments...

Apply complete! Resources: 4 added, 0 changed, 0 destroyed.

Outputs:

debug_tags = {
  "creation_run_id" = "417"
  "creation_time" = "2026-04-26T15:21:03Z"
  "deployment_id" = "prodmyapp"
  "environment" = "prod"
  "managed_by" = "terraform"
}
vm_public_ip = "68.218.73.131"
