Acquiring state lock. This may take a few moments...
azurerm_linux_virtual_machine.linux_vm[1]: Creating...
azurerm_linux_virtual_machine.linux_vm[1]: Still creating... [00m10s elapsed]
azurerm_linux_virtual_machine.linux_vm[1]: Still creating... [00m20s elapsed]
azurerm_linux_virtual_machine.linux_vm[1]: Still creating... [00m30s elapsed]
azurerm_linux_virtual_machine.linux_vm[1]: Still creating... [00m40s elapsed]
azurerm_linux_virtual_machine.linux_vm[1]: Still creating... [00m50s elapsed]
azurerm_linux_virtual_machine.linux_vm[1]: Still creating... [01m00s elapsed]
azurerm_linux_virtual_machine.linux_vm[1]: Still creating... [01m10s elapsed]
azurerm_linux_virtual_machine.linux_vm[1]: Still creating... [01m20s elapsed]
azurerm_linux_virtual_machine.linux_vm[1]: Creation complete after 1m26s [id=/subscriptions/2b2f02f7-dde2-47db-974c-47d2182721ae/resourceGroups/myTFResourceGroup/providers/Microsoft.Compute/virtualMachines/linux-vm-02]
azurerm_linux_virtual_machine.linux_vm[0]: Creating...
azurerm_linux_virtual_machine.linux_vm[0]: Still creating... [00m10s elapsed]
azurerm_linux_virtual_machine.linux_vm[0]: Still creating... [00m20s elapsed]
azurerm_linux_virtual_machine.linux_vm[0]: Still creating... [00m30s elapsed]
azurerm_linux_virtual_machine.linux_vm[0]: Still creating... [00m40s elapsed]
azurerm_linux_virtual_machine.linux_vm[0]: Still creating... [00m50s elapsed]
azurerm_linux_virtual_machine.linux_vm[0]: Still creating... [01m00s elapsed]
azurerm_linux_virtual_machine.linux_vm[0]: Still creating... [01m10s elapsed]
azurerm_linux_virtual_machine.linux_vm[0]: Still creating... [01m20s elapsed]
azurerm_linux_virtual_machine.linux_vm[0]: Creation complete after 1m29s [id=/subscriptions/2b2f02f7-dde2-47db-974c-47d2182721ae/resourceGroups/myTFResourceGroup/providers/Microsoft.Compute/virtualMachines/linux-vm-01]
Releasing state lock. This may take a few moments...

Apply complete! Resources: 2 added, 0 changed, 0 destroyed.

Outputs:

debug_tags = {
  "creation_run_id" = "463"
  "creation_time" = "2026-05-17T18:19:40Z"
  "deployment_id" = "prodmyapp"
  "environment" = "prod"
  "managed_by" = "terraform"
}
