Acquiring state lock. This may take a few moments...
data.azurerm_client_config.current: Reading...
data.azurerm_client_config.current: Still reading... [00m10s elapsed]
data.azurerm_client_config.current: Read complete after 14s [id=Y2xpZW50Q29uZmlncy9jbGllbnRJZD0wNGIwNzc5NS04ZGRiLTQ2MWEtYmJlZS0wMmY5ZTFiZjdiNDY7b2JqZWN0SWQ9M2E2NGFlZDktODY4NS00ZjYwLWJhZDQtYzdhMGIzZTBlNGQyO3N1YnNjcmlwdGlvbklkPTJiMmYwMmY3LWRkZTItNDdkYi05NzRjLTQ3ZDIxODI3MjFhZTt0ZW5hbnRJZD1mMTc1YzU2ZC00MDEzLTQyZmEtYTBlOC00MTAzZDIyNzZhMGQ=]
data.azuread_service_principal.prodmyapp: Reading...
data.azuread_service_principal.prodmyapp: Read complete after 1s [id=3a64aed9-8685-4f60-bad4-c7a0b3e0e4d2]
azurerm_resource_group.prodmyapp: Refreshing state... [id=/subscriptions/2b2f02f7-dde2-47db-974c-47d2182721ae/resourceGroups/myTFResourceGroup]
azurerm_public_ip.prodmyapp_pub_ips: Refreshing state... [id=/subscriptions/2b2f02f7-dde2-47db-974c-47d2182721ae/resourceGroups/myTFResourceGroup/providers/Microsoft.Network/publicIPAddresses/prodmyapp_public_ip1]
azurerm_network_security_group.prodmyapp_sg_linux: Refreshing state... [id=/subscriptions/2b2f02f7-dde2-47db-974c-47d2182721ae/resourceGroups/myTFResourceGroup/providers/Microsoft.Network/networkSecurityGroups/open-security-group]
azurerm_user_assigned_identity.prodmyapp_sa_identity: Refreshing state... [id=/subscriptions/2b2f02f7-dde2-47db-974c-47d2182721ae/resourceGroups/myTFResourceGroup/providers/Microsoft.ManagedIdentity/userAssignedIdentities/my-storage-identity]
azurerm_virtual_network.prodmyapp_vnet: Refreshing state... [id=/subscriptions/2b2f02f7-dde2-47db-974c-47d2182721ae/resourceGroups/myTFResourceGroup/providers/Microsoft.Network/virtualNetworks/prodmyapp_virtual-network]
azurerm_key_vault.prodmyapp: Refreshing state... [id=/subscriptions/2b2f02f7-dde2-47db-974c-47d2182721ae/resourceGroups/myTFResourceGroup/providers/Microsoft.KeyVault/vaults/prodmyappkv]
azurerm_storage_account.prodmyapp: Refreshing state... [id=/subscriptions/2b2f02f7-dde2-47db-974c-47d2182721ae/resourceGroups/myTFResourceGroup/providers/Microsoft.Storage/storageAccounts/prodmyappsacmk01]
azurerm_subnet.pvt_subnet: Refreshing state... [id=/subscriptions/2b2f02f7-dde2-47db-974c-47d2182721ae/resourceGroups/myTFResourceGroup/providers/Microsoft.Network/virtualNetworks/prodmyapp_virtual-network/subnets/prodmyapp_pvt_subnet2]
azurerm_subnet.pub_subnet: Refreshing state... [id=/subscriptions/2b2f02f7-dde2-47db-974c-47d2182721ae/resourceGroups/myTFResourceGroup/providers/Microsoft.Network/virtualNetworks/prodmyapp_virtual-network/subnets/prodmyapp_pub_subnet1]
azurerm_key_vault_secret.sp_tenant_id: Refreshing state... [id=https://prodmyappkv.vault.azure.net/secrets/sp-tenant-id/c52cf03f5d964a01a83c7cde84453970]
azurerm_key_vault_secret.sp_client_id: Refreshing state... [id=https://prodmyappkv.vault.azure.net/secrets/sp-client-id/daaa277f158a4b06b6c207ebd9a3c0b2]
azurerm_key_vault_secret.sp_client_secret: Refreshing state... [id=https://prodmyappkv.vault.azure.net/secrets/sp-client-secret/7e3a47b7daec4a31b71aaac49de0b833]
azurerm_role_assignment.storage_kv_crypto: Refreshing state... [id=/subscriptions/2b2f02f7-dde2-47db-974c-47d2182721ae/resourceGroups/myTFResourceGroup/providers/Microsoft.KeyVault/vaults/prodmyappkv/providers/Microsoft.Authorization/roleAssignments/44c60368-9614-ac32-9a5a-de742061b842]
azurerm_role_assignment.tf_kv_admin: Refreshing state... [id=/subscriptions/2b2f02f7-dde2-47db-974c-47d2182721ae/resourceGroups/myTFResourceGroup/providers/Microsoft.KeyVault/vaults/prodmyappkv/providers/Microsoft.Authorization/roleAssignments/fa73cc1a-d1c6-615a-cd09-95639937701e]
azurerm_key_vault_secret.github_token: Refreshing state... [id=https://prodmyappkv.vault.azure.net/secrets/githubtoken/6b33cfc91d77467b8134008c15dad9cb]
azurerm_key_vault_secret.sp_subscription_id: Refreshing state... [id=https://prodmyappkv.vault.azure.net/secrets/sp-subscription-id/d9e52566c444468698fa5c757e275208]
azurerm_storage_container.prodmyapp: Refreshing state... [id=https://prodmyappsacmk01.blob.core.windows.net/mytfstate]
azurerm_subnet_network_security_group_association.pvt_subnet_nsg: Refreshing state... [id=/subscriptions/2b2f02f7-dde2-47db-974c-47d2182721ae/resourceGroups/myTFResourceGroup/providers/Microsoft.Network/virtualNetworks/prodmyapp_virtual-network/subnets/prodmyapp_pvt_subnet2]
azurerm_subnet_network_security_group_association.pub_subnet_nsg: Refreshing state... [id=/subscriptions/2b2f02f7-dde2-47db-974c-47d2182721ae/resourceGroups/myTFResourceGroup/providers/Microsoft.Network/virtualNetworks/prodmyapp_virtual-network/subnets/prodmyapp_pub_subnet1]
azurerm_network_interface.prodmyapp_nic_linux: Refreshing state... [id=/subscriptions/2b2f02f7-dde2-47db-974c-47d2182721ae/resourceGroups/myTFResourceGroup/providers/Microsoft.Network/networkInterfaces/prodmyapp-nic1]
time_sleep.wait_for_kv_rbac: Refreshing state... [id=2026-04-05T10:36:38Z]
azurerm_role_assignment.terraform_backend_storage_access: Refreshing state... [id=/subscriptions/2b2f02f7-dde2-47db-974c-47d2182721ae/resourceGroups/myTFResourceGroup/providers/Microsoft.Storage/storageAccounts/prodmyappsacmk01/blobServices/default/containers/mytfstate/providers/Microsoft.Authorization/roleAssignments/3cf4d54b-f2b6-9ea0-338e-7bcf0db31234]
azurerm_network_interface_security_group_association.nic_nsg_assn_linux: Refreshing state... [id=/subscriptions/2b2f02f7-dde2-47db-974c-47d2182721ae/resourceGroups/myTFResourceGroup/providers/Microsoft.Network/networkInterfaces/prodmyapp-nic1|/subscriptions/2b2f02f7-dde2-47db-974c-47d2182721ae/resourceGroups/myTFResourceGroup/providers/Microsoft.Network/networkSecurityGroups/open-security-group]
data.azurerm_key_vault_secret.win_password: Reading...
data.azurerm_key_vault_secret.win_password: Read complete after 1s [id=https://prodmyappkv.vault.azure.net/secrets/windowsvmpassword01/37ef0fd5b8ed466da73c4e658bbba2bf]
azurerm_key_vault_key.prodmyapp_key: Refreshing state... [id=https://prodmyappkv.vault.azure.net/keys/my-storage-cmk/51e0da2d9d5a4b53bfedce7faa0471cc]
azurerm_storage_account_customer_managed_key.prodmyapp_sa_cmk: Refreshing state... [id=/subscriptions/2b2f02f7-dde2-47db-974c-47d2182721ae/resourceGroups/myTFResourceGroup/providers/Microsoft.Storage/storageAccounts/prodmyappsacmk01]

Terraform used the selected providers to generate the following execution
plan. Resource actions are indicated with the following symbols:
  + create

Terraform will perform the following actions:

  # azurerm_disk_encryption_set.prod_des will be created
  + resource "azurerm_disk_encryption_set" "prod_des" {
      + auto_key_rotation_enabled = false
      + encryption_type           = "EncryptionAtRestWithCustomerKey"
      + id                        = (known after apply)
      + key_vault_key_id          = "https://prodmyappkv.vault.azure.net/keys/my-storage-cmk/51e0da2d9d5a4b53bfedce7faa0471cc"
      + key_vault_key_url         = (known after apply)
      + location                  = "australiaeast"
      + name                      = "prod-des"
      + resource_group_name       = "myTFResourceGroup"
      + tags                      = {
          + "Name"            = "des-prod"
          + "creation_run_id" = "332"
          + "environment"     = "prod"
          + "managed_by"      = "terraform"
        }

      + identity {
          + principal_id = (known after apply)
          + tenant_id    = (known after apply)
          + type         = "SystemAssigned"
        }
    }

  # azurerm_linux_virtual_machine.linux_vm will be created
  + resource "azurerm_linux_virtual_machine" "linux_vm" {
      + admin_username                                         = "adminuser"
      + allow_extension_operations                             = true
      + bypass_platform_safety_checks_on_user_schedule_enabled = false
      + computer_name                                          = "linuxvmdev01"
      + disable_password_authentication                        = true
      + disk_controller_type                                   = (known after apply)
      + extensions_time_budget                                 = "PT1H30M"
      + id                                                     = (known after apply)
      + location                                               = "australiaeast"
      + max_bid_price                                          = -1
      + name                                                   = "linux_vm_01"
      + network_interface_ids                                  = [
          + "/subscriptions/2b2f02f7-dde2-47db-974c-47d2182721ae/resourceGroups/myTFResourceGroup/providers/Microsoft.Network/networkInterfaces/prodmyapp-nic1",
        ]
      + patch_assessment_mode                                  = "ImageDefault"
      + patch_mode                                             = "ImageDefault"
      + platform_fault_domain                                  = -1
      + priority                                               = "Regular"
      + private_ip_address                                     = (known after apply)
      + private_ip_addresses                                   = (known after apply)
      + provision_vm_agent                                     = true
      + public_ip_address                                      = (known after apply)
      + public_ip_addresses                                    = (known after apply)
      + resource_group_name                                    = "myTFResourceGroup"
      + size                                                   = "Standard_B2s"
      + tags                                                   = {
          + "Name"            = "vm-linux"
          + "creation_run_id" = "332"
          + "environment"     = "prod"
          + "managed_by"      = "terraform"
        }
      + virtual_machine_id                                     = (known after apply)
      + vm_agent_platform_updates_enabled                      = false

      + admin_ssh_key {
          + public_key = (known after apply)
          + username   = "adminuser"
        }

      + os_disk {
          + caching                   = "ReadWrite"
          + disk_encryption_set_id    = (known after apply)
          + disk_size_gb              = (known after apply)
          + name                      = (known after apply)
          + storage_account_type      = "Standard_LRS"
          + write_accelerator_enabled = false
        }

      + plan {
          + name      = "centos-8-3-free"
          + product   = "centos-8-3-free"
          + publisher = "cognosys"
        }

      + source_image_reference {
          + offer     = "centos-8-3-free"
          + publisher = "cognosys"
          + sku       = "centos-8-3-free"
          + version   = "1.2019.0810"
        }

      + termination_notification (known after apply)
    }

  # azurerm_network_interface.prodmyapp_nic_windows will be created
  + resource "azurerm_network_interface" "prodmyapp_nic_windows" {
      + applied_dns_servers         = (known after apply)
      + id                          = (known after apply)
      + internal_domain_name_suffix = (known after apply)
      + location                    = "australiaeast"
      + mac_address                 = (known after apply)
      + name                        = "prodmyapp-win-nic"
      + private_ip_address          = (known after apply)
      + private_ip_addresses        = (known after apply)
      + resource_group_name         = "myTFResourceGroup"
      + virtual_machine_id          = (known after apply)

      + ip_configuration {
          + gateway_load_balancer_frontend_ip_configuration_id = (known after apply)
          + name                                               = "ip_config_windows"
          + primary                                            = (known after apply)
          + private_ip_address                                 = (known after apply)
          + private_ip_address_allocation                      = "Dynamic"
          + private_ip_address_version                         = "IPv4"
          + public_ip_address_id                               = (known after apply)
          + subnet_id                                          = "/subscriptions/2b2f02f7-dde2-47db-974c-47d2182721ae/resourceGroups/myTFResourceGroup/providers/Microsoft.Network/virtualNetworks/prodmyapp_virtual-network/subnets/prodmyapp_pub_subnet1"
        }
    }

  # azurerm_network_interface_security_group_association.nic_nsg_assn_windows will be created
  + resource "azurerm_network_interface_security_group_association" "nic_nsg_assn_windows" {
      + id                        = (known after apply)
      + network_interface_id      = (known after apply)
      + network_security_group_id = (known after apply)
    }

  # azurerm_network_security_group.prodmyapp_nsg_windows will be created
  + resource "azurerm_network_security_group" "prodmyapp_nsg_windows" {
      + id                  = (known after apply)
      + location            = "australiaeast"
      + name                = "windows-secure-nsg"
      + resource_group_name = "myTFResourceGroup"
      + security_rule       = [
          + {
              + access                                     = "Allow"
              + destination_address_prefix                 = "*"
              + destination_address_prefixes               = []
              + destination_application_security_group_ids = []
              + destination_port_range                     = "3389"
              + destination_port_ranges                    = []
              + direction                                  = "Inbound"
              + name                                       = "Allow-RDP-MyIP"
              + priority                                   = 100
              + protocol                                   = "Tcp"
              + source_address_prefix                      = "*"
              + source_address_prefixes                    = []
              + source_application_security_group_ids      = []
              + source_port_range                          = "*"
              + source_port_ranges                         = []
                # (1 unchanged attribute hidden)
            },
          + {
              + access                                     = "Deny"
              + destination_address_prefix                 = "*"
              + destination_address_prefixes               = []
              + destination_application_security_group_ids = []
              + destination_port_range                     = "*"
              + destination_port_ranges                    = []
              + direction                                  = "Inbound"
              + name                                       = "Deny-All-Inbound"
              + priority                                   = 200
              + protocol                                   = "*"
              + source_address_prefix                      = "*"
              + source_address_prefixes                    = []
              + source_application_security_group_ids      = []
              + source_port_range                          = "*"
              + source_port_ranges                         = []
                # (1 unchanged attribute hidden)
            },
        ]
    }

  # azurerm_public_ip.prodmyapp_pub_ip_windows will be created
  + resource "azurerm_public_ip" "prodmyapp_pub_ip_windows" {
      + allocation_method       = "Static"
      + ddos_protection_mode    = "VirtualNetworkInherited"
      + fqdn                    = (known after apply)
      + id                      = (known after apply)
      + idle_timeout_in_minutes = 4
      + ip_address              = (known after apply)
      + ip_version              = "IPv4"
      + location                = "australiaeast"
      + name                    = "win-public-ip"
      + resource_group_name     = "myTFResourceGroup"
      + sku                     = "Standard"
      + sku_tier                = "Regional"
    }

  # azurerm_role_assignment.des_kv_crypto will be created
  + resource "azurerm_role_assignment" "des_kv_crypto" {
      + id                               = (known after apply)
      + name                             = (known after apply)
      + principal_id                     = (known after apply)
      + principal_type                   = (known after apply)
      + role_definition_id               = (known after apply)
      + role_definition_name             = "Key Vault Crypto Service Encryption User"
      + scope                            = "/subscriptions/2b2f02f7-dde2-47db-974c-47d2182721ae/resourceGroups/myTFResourceGroup/providers/Microsoft.KeyVault/vaults/prodmyappkv"
      + skip_service_principal_aad_check = (known after apply)
    }

  # local_file.public_key_openssh will be created
  + resource "local_file" "public_key_openssh" {
      + content              = (known after apply)
      + content_base64sha256 = (known after apply)
      + content_base64sha512 = (known after apply)
      + content_md5          = (known after apply)
      + content_sha1         = (known after apply)
      + content_sha256       = (known after apply)
      + content_sha512       = (known after apply)
      + directory_permission = "0777"
      + file_permission      = "0644"
      + filename             = "/home/cloud-user/.ssh/prodmyapp_vm1.pub"
      + id                   = (known after apply)
    }

  # local_sensitive_file.private_key_pem will be created
  + resource "local_sensitive_file" "private_key_pem" {
      + content              = (sensitive value)
      + content_base64sha256 = (known after apply)
      + content_base64sha512 = (known after apply)
      + content_md5          = (known after apply)
      + content_sha1         = (known after apply)
      + content_sha256       = (known after apply)
      + content_sha512       = (known after apply)
      + directory_permission = "0700"
      + file_permission      = "0400"
      + filename             = "/home/cloud-user/.ssh/prodmyapp_vm1.pem"
      + id                   = (known after apply)
    }

  # null_resource.validate_vm_size will be created
  + resource "null_resource" "validate_vm_size" {
      + id = (known after apply)
    }

  # time_sleep.wait_for_des_rbac will be created
  + resource "time_sleep" "wait_for_des_rbac" {
      + create_duration = "180s"
      + id              = (known after apply)
    }

  # tls_private_key.vm_ssh will be created
  + resource "tls_private_key" "vm_ssh" {
      + algorithm                     = "RSA"
      + ecdsa_curve                   = "P224"
      + id                            = (known after apply)
      + private_key_openssh           = (sensitive value)
      + private_key_pem               = (sensitive value)
      + private_key_pem_pkcs8         = (sensitive value)
      + public_key_fingerprint_md5    = (known after apply)
      + public_key_fingerprint_sha256 = (known after apply)
      + public_key_openssh            = (known after apply)
      + public_key_pem                = (known after apply)
      + rsa_bits                      = 4096
    }

Plan: 12 to add, 0 to change, 0 to destroy.

─────────────────────────────────────────────────────────────────────────────

Saved the plan to: tfplan.binary

To perform exactly these actions, run the following command to apply:
    terraform apply "tfplan.binary"
Releasing state lock. This may take a few moments...
