Acquiring state lock. This may take a few moments...
data.azuread_service_principal.prodmyapp: Reading...
data.azuread_service_principal.prodmyapp: Read complete after 1s [id=3a64aed9-8685-4f60-bad4-c7a0b3e0e4d2]
data.azurerm_client_config.current: Reading...
data.azurerm_client_config.current: Read complete after 4s [id=Y2xpZW50Q29uZmlncy9jbGllbnRJZD0wNGIwNzc5NS04ZGRiLTQ2MWEtYmJlZS0wMmY5ZTFiZjdiNDY7b2JqZWN0SWQ9M2E2NGFlZDktODY4NS00ZjYwLWJhZDQtYzdhMGIzZTBlNGQyO3N1YnNjcmlwdGlvbklkPTJiMmYwMmY3LWRkZTItNDdkYi05NzRjLTQ3ZDIxODI3MjFhZTt0ZW5hbnRJZD1mMTc1YzU2ZC00MDEzLTQyZmEtYTBlOC00MTAzZDIyNzZhMGQ=]
azurerm_resource_group.prodmyapp: Refreshing state... [id=/subscriptions/2b2f02f7-dde2-47db-974c-47d2182721ae/resourceGroups/myTFResourceGroup]
azurerm_user_assigned_identity.prodmyapp_sa_identity: Refreshing state... [id=/subscriptions/2b2f02f7-dde2-47db-974c-47d2182721ae/resourceGroups/myTFResourceGroup/providers/Microsoft.ManagedIdentity/userAssignedIdentities/my-storage-identity]
azurerm_storage_account.prodmyapp: Refreshing state... [id=/subscriptions/2b2f02f7-dde2-47db-974c-47d2182721ae/resourceGroups/myTFResourceGroup/providers/Microsoft.Storage/storageAccounts/prodmyappsacmk01]
azurerm_storage_container.prodmyapp: Refreshing state... [id=https://prodmyappsacmk01.blob.core.windows.net/mytfstate]
azurerm_role_assignment.terraform_backend_storage_access: Refreshing state... [id=/subscriptions/2b2f02f7-dde2-47db-974c-47d2182721ae/resourceGroups/myTFResourceGroup/providers/Microsoft.Storage/storageAccounts/prodmyappsacmk01/blobServices/default/containers/mytfstate/providers/Microsoft.Authorization/roleAssignments/0a47c68d-f68e-820f-acdd-dd3054f0b96e]

Terraform used the selected providers to generate the following execution
plan. Resource actions are indicated with the following symbols:
  + create

Terraform will perform the following actions:

  # azurerm_key_vault.prodmyapp will be created
  + resource "azurerm_key_vault" "prodmyapp" {
      + access_policy                 = (known after apply)
      + enable_rbac_authorization     = true
      + enabled_for_disk_encryption   = true
      + id                            = (known after apply)
      + location                      = "australiaeast"
      + name                          = "prodmyappkv"
      + public_network_access_enabled = true
      + purge_protection_enabled      = true
      + resource_group_name           = "myTFResourceGroup"
      + sku_name                      = "standard"
      + soft_delete_retention_days    = 7
      + tags                          = {
          + "Name"            = "kv-prodmyapp"
          + "creation_run_id" = "384"
          + "deployment_id"   = "prodmyapp"
          + "environment"     = "prod"
          + "managed_by"      = "terraform"
        }
      + tenant_id                     = "f175c56d-4013-42fa-a0e8-4103d2276a0d"
      + vault_uri                     = (known after apply)

      + contact (known after apply)

      + network_acls (known after apply)
    }

  # azurerm_role_assignment.storage_kv_crypto will be created
  + resource "azurerm_role_assignment" "storage_kv_crypto" {
      + id                               = (known after apply)
      + name                             = (known after apply)
      + principal_id                     = "45ebea45-62cc-4f84-bc14-51aa514f1f8e"
      + principal_type                   = (known after apply)
      + role_definition_id               = (known after apply)
      + role_definition_name             = "Key Vault Crypto Service Encryption User"
      + scope                            = (known after apply)
      + skip_service_principal_aad_check = (known after apply)
    }

  # azurerm_role_assignment.tf_kv_admin will be created
  + resource "azurerm_role_assignment" "tf_kv_admin" {
      + id                               = (known after apply)
      + name                             = (known after apply)
      + principal_id                     = "3a64aed9-8685-4f60-bad4-c7a0b3e0e4d2"
      + principal_type                   = (known after apply)
      + role_definition_id               = (known after apply)
      + role_definition_name             = "Key Vault Administrator"
      + scope                            = (known after apply)
      + skip_service_principal_aad_check = (known after apply)
    }

  # time_sleep.wait_for_kv_rbac will be created
  + resource "time_sleep" "wait_for_kv_rbac" {
      + create_duration = "60s"
      + id              = (known after apply)
    }

Plan: 4 to add, 0 to change, 0 to destroy.

─────────────────────────────────────────────────────────────────────────────

Saved the plan to: tfplan

To perform exactly these actions, run the following command to apply:
    terraform apply "tfplan"
Releasing state lock. This may take a few moments...
