Acquiring state lock. This may take a few moments...
azurerm_role_assignment.des_kv_crypto: Creating...
azurerm_role_assignment.des_kv_crypto: Still creating... [00m10s elapsed]
azurerm_role_assignment.des_kv_crypto: Still creating... [00m20s elapsed]
azurerm_role_assignment.des_kv_crypto: Still creating... [00m30s elapsed]
azurerm_role_assignment.des_kv_crypto: Still creating... [00m40s elapsed]
azurerm_role_assignment.des_kv_crypto: Still creating... [00m50s elapsed]
azurerm_role_assignment.des_kv_crypto: Creation complete after 59s [id=/subscriptions/2b2f02f7-dde2-47db-974c-47d2182721ae/resourceGroups/myTFResourceGroup/providers/Microsoft.KeyVault/vaults/prodmyappkv/providers/Microsoft.Authorization/roleAssignments/4f38d83b-6110-8bb5-19dd-7f72f076d8de]
time_sleep.wait_for_des_rbac: Creating...
azurerm_linux_virtual_machine.linux_vm: Creating...
time_sleep.wait_for_des_rbac: Still creating... [00m10s elapsed]
azurerm_linux_virtual_machine.linux_vm: Still creating... [00m10s elapsed]
time_sleep.wait_for_des_rbac: Still creating... [00m20s elapsed]
azurerm_linux_virtual_machine.linux_vm: Still creating... [00m20s elapsed]
time_sleep.wait_for_des_rbac: Still creating... [00m30s elapsed]
time_sleep.wait_for_des_rbac: Still creating... [00m40s elapsed]
time_sleep.wait_for_des_rbac: Still creating... [00m50s elapsed]
time_sleep.wait_for_des_rbac: Still creating... [01m00s elapsed]
time_sleep.wait_for_des_rbac: Creation complete after 1m5s [id=2026-03-03T15:27:03Z]

Error: creating Linux Virtual Machine (Subscription: "2b2f02f7-dde2-47db-974c-47d2182721ae"
Resource Group Name: "myTFResourceGroup"
Virtual Machine Name: "linux_vm_01"): polling after CreateOrUpdate: polling failed: the Azure API returned the following error:

Status: "VMMarketplaceInvalidInput"
Code: ""
Message: "Creating a virtual machine from Marketplace image or a custom image sourced from a Marketplace image requires Plan information in the request. VM: '/subscriptions/2b2f02f7-dde2-47db-974c-47d2182721ae/resourceGroups/myTFResourceGroup/providers/Microsoft.Compute/virtualMachines/linux_vm_01'."
Activity Id: ""

---

API Response:

----[start]----
{
  "startTime": "2026-03-03T15:26:15.176384+00:00",
  "endTime": "2026-03-03T15:26:19.2235625+00:00",
  "status": "Failed",
  "error": {
    "code": "VMMarketplaceInvalidInput",
    "message": "Creating a virtual machine from Marketplace image or a custom image sourced from a Marketplace image requires Plan information in the request. VM: '/subscriptions/2b2f02f7-dde2-47db-974c-47d2182721ae/resourceGroups/myTFResourceGroup/providers/Microsoft.Compute/virtualMachines/linux_vm_01'."
  },
  "name": "8ff7be58-12b4-4aa7-8d31-bd7ccdbb56e1"
}
-----[end]-----


  with azurerm_linux_virtual_machine.linux_vm,
  on main.tf line 729, in resource "azurerm_linux_virtual_machine" "linux_vm":
 729: resource "azurerm_linux_virtual_machine" "linux_vm" {

Releasing state lock. This may take a few moments...
