Acquiring state lock. This may take a few moments...
data.azuread_service_principal.prodmyapp: Reading...
data.azuread_service_principal.prodmyapp: Read complete after 0s [id=3a64aed9-8685-4f60-bad4-c7a0b3e0e4d2]
azurerm_policy_definition.require_environment: Refreshing state... [id=/subscriptions/2b2f02f7-dde2-47db-974c-47d2182721ae/providers/Microsoft.Authorization/policyDefinitions/require-environment-tag]
data.azurerm_client_config.current: Reading...
data.azurerm_client_config.current: Read complete after 0s [id=Y2xpZW50Q29uZmlncy9jbGllbnRJZD0wNGIwNzc5NS04ZGRiLTQ2MWEtYmJlZS0wMmY5ZTFiZjdiNDY7b2JqZWN0SWQ9M2E2NGFlZDktODY4NS00ZjYwLWJhZDQtYzdhMGIzZTBlNGQyO3N1YnNjcmlwdGlvbklkPTJiMmYwMmY3LWRkZTItNDdkYi05NzRjLTQ3ZDIxODI3MjFhZTt0ZW5hbnRJZD1mMTc1YzU2ZC00MDEzLTQyZmEtYTBlOC00MTAzZDIyNzZhMGQ=]
azurerm_policy_definition.require_managed_by: Refreshing state... [id=/subscriptions/2b2f02f7-dde2-47db-974c-47d2182721ae/providers/Microsoft.Authorization/policyDefinitions/require-managed-by-tag]
azurerm_policy_definition.require_deployment_id: Refreshing state... [id=/subscriptions/2b2f02f7-dde2-47db-974c-47d2182721ae/providers/Microsoft.Authorization/policyDefinitions/require-deployment-id-tag]
azurerm_resource_group.prodmyapp: Refreshing state... [id=/subscriptions/2b2f02f7-dde2-47db-974c-47d2182721ae/resourceGroups/myTFResourceGroup]
azurerm_user_assigned_identity.prodmyapp_sa_identity: Refreshing state... [id=/subscriptions/2b2f02f7-dde2-47db-974c-47d2182721ae/resourceGroups/myTFResourceGroup/providers/Microsoft.ManagedIdentity/userAssignedIdentities/my-storage-identity]
azurerm_resource_group_policy_assignment.rg_deployment_id: Refreshing state... [id=/subscriptions/2b2f02f7-dde2-47db-974c-47d2182721ae/resourceGroups/myTFResourceGroup/providers/Microsoft.Authorization/policyAssignments/rg-require-deployment-id]
azurerm_resource_group_policy_assignment.rg_managed_by: Refreshing state... [id=/subscriptions/2b2f02f7-dde2-47db-974c-47d2182721ae/resourceGroups/myTFResourceGroup/providers/Microsoft.Authorization/policyAssignments/rg-require-managed-by]
azurerm_resource_group_policy_assignment.rg_environment: Refreshing state... [id=/subscriptions/2b2f02f7-dde2-47db-974c-47d2182721ae/resourceGroups/myTFResourceGroup/providers/Microsoft.Authorization/policyAssignments/rg-require-environment]
azurerm_storage_account.prodmyapp: Refreshing state... [id=/subscriptions/2b2f02f7-dde2-47db-974c-47d2182721ae/resourceGroups/myTFResourceGroup/providers/Microsoft.Storage/storageAccounts/prodmyappsacmk01]
azurerm_storage_container.prodmyapp: Refreshing state... [id=https://prodmyappsacmk01.blob.core.windows.net/mytfstate]
azurerm_role_assignment.terraform_backend_storage_access: Refreshing state... [id=/subscriptions/2b2f02f7-dde2-47db-974c-47d2182721ae/resourceGroups/myTFResourceGroup/providers/Microsoft.Storage/storageAccounts/prodmyappsacmk01/blobServices/default/containers/mytfstate/providers/Microsoft.Authorization/roleAssignments/ff6a425c-a7e8-1383-4d04-8509f8714321]

Terraform used the selected providers to generate the following execution
plan. Resource actions are indicated with the following symbols:
  + create

Terraform will perform the following actions:

  # azurerm_key_vault.prodmyapp will be created
  + resource "azurerm_key_vault" "prodmyapp" {
      + access_policy                 = (known after apply)
      + enable_rbac_authorization     = true
      + enabled_for_disk_encryption   = true
      + id                            = (known after apply)
      + location                      = "australiaeast"
      + name                          = "prodmyappkv"
      + public_network_access_enabled = true
      + purge_protection_enabled      = true
      + resource_group_name           = "myTFResourceGroup"
      + sku_name                      = "standard"
      + soft_delete_retention_days    = 7
      + tags                          = (known after apply)
      + tenant_id                     = "f175c56d-4013-42fa-a0e8-4103d2276a0d"
      + vault_uri                     = (known after apply)

      + contact (known after apply)

      + network_acls (known after apply)
    }

Plan: 1 to add, 0 to change, 0 to destroy.

Changes to Outputs:
  ~ debug_tags = {
      ~ creation_time   = "2026-04-19T18:10:33Z" -> (known after apply)
        # (4 unchanged attributes hidden)
    }

─────────────────────────────────────────────────────────────────────────────

Saved the plan to: tfplan

To perform exactly these actions, run the following command to apply:
    terraform apply "tfplan"
Releasing state lock. This may take a few moments...
