Initializing provider plugins found in the configuration...
- Finding latest version of hashicorp/null...
- Finding latest version of hashicorp/time...
- Finding hashicorp/azurerm versions matching "4.1.0"...
- Finding hashicorp/azuread versions matching "~> 2.50"...
- Finding hashicorp/tls versions matching "~> 4.0"...
- Finding hashicorp/local versions matching "~> 2.0"...
- Using previously-installed hashicorp/null v3.2.4
- Using previously-installed hashicorp/time v0.13.1
- Using previously-installed hashicorp/azurerm v4.1.0
- Using previously-installed hashicorp/azuread v2.53.1
- Using previously-installed hashicorp/tls v4.2.1
- Using previously-installed hashicorp/local v2.8.0

Initializing the backend...


Error: unable to build authorizer for Resource Manager API: could not configure AzureCli Authorizer: obtaining subscription ID: obtaining account details: running Azure CLI: exit status 1: ERROR: Please run 'az login' to setup account.

Terraform init with migrate-state failed, retrying with reconfigure...
Initializing provider plugins found in the configuration...
- Finding hashicorp/azurerm versions matching "4.1.0"...
- Finding latest version of hashicorp/null...
- Finding hashicorp/azuread versions matching "~> 2.50"...
- Finding hashicorp/tls versions matching "~> 4.0"...
- Finding hashicorp/local versions matching "~> 2.0"...
- Finding latest version of hashicorp/time...
- Using previously-installed hashicorp/null v3.2.4
- Using previously-installed hashicorp/azuread v2.53.1
- Using previously-installed hashicorp/tls v4.2.1
- Using previously-installed hashicorp/local v2.8.0
- Using previously-installed hashicorp/time v0.13.1
- Using previously-installed hashicorp/azurerm v4.1.0

Initializing the backend...


Error: unable to build authorizer for Resource Manager API: could not configure AzureCli Authorizer: obtaining subscription ID: obtaining account details: running Azure CLI: exit status 1: ERROR: Please run 'az login' to setup account.

