Acquiring state lock. This may take a few moments...
tls_private_key.vm_ssh: Refreshing state... [id=3f41b7f5f82dbadce6d1f0563e9a676fd390031f]
local_sensitive_file.private_key_pem: Refreshing state... [id=a70b04f6f86174d4edb4e9279305475fed74d30b]
local_file.public_key_openssh: Refreshing state... [id=ef769e7d437e35cfc54efad2fab95746b91649a5]
data.azurerm_client_config.current: Reading...
azurerm_resource_group.prodmyapp: Refreshing state... [id=/subscriptions/2b2f02f7-dde2-47db-974c-47d2182721ae/resourceGroups/myTFResourceGroup]
data.azurerm_client_config.current: Read complete after 1s [id=Y2xpZW50Q29uZmlncy9jbGllbnRJZD0wNGIwNzc5NS04ZGRiLTQ2MWEtYmJlZS0wMmY5ZTFiZjdiNDY7b2JqZWN0SWQ9NmFmYTI2MmMtMjk3OS00YjRmLWJmYzctNzk5OGY5Zjg2MWJjO3N1YnNjcmlwdGlvbklkPTJiMmYwMmY3LWRkZTItNDdkYi05NzRjLTQ3ZDIxODI3MjFhZTt0ZW5hbnRJZD1mMTc1YzU2ZC00MDEzLTQyZmEtYTBlOC00MTAzZDIyNzZhMGQ=]
azurerm_user_assigned_identity.prodmyapp_sa_identity: Refreshing state... [id=/subscriptions/2b2f02f7-dde2-47db-974c-47d2182721ae/resourceGroups/myTFResourceGroup/providers/Microsoft.ManagedIdentity/userAssignedIdentities/my-storage-identity]
azurerm_virtual_network.prodmyapp_vnet: Refreshing state... [id=/subscriptions/2b2f02f7-dde2-47db-974c-47d2182721ae/resourceGroups/myTFResourceGroup/providers/Microsoft.Network/virtualNetworks/prodmyapp_virtual-network]
azurerm_key_vault.prodmyapp: Refreshing state... [id=/subscriptions/2b2f02f7-dde2-47db-974c-47d2182721ae/resourceGroups/myTFResourceGroup/providers/Microsoft.KeyVault/vaults/prodmyappkv]
azurerm_network_security_group.prodmyapp_sg: Refreshing state... [id=/subscriptions/2b2f02f7-dde2-47db-974c-47d2182721ae/resourceGroups/myTFResourceGroup/providers/Microsoft.Network/networkSecurityGroups/open-security-group]
azurerm_storage_account.prodmyapp: Refreshing state... [id=/subscriptions/2b2f02f7-dde2-47db-974c-47d2182721ae/resourceGroups/myTFResourceGroup/providers/Microsoft.Storage/storageAccounts/prodmyapptfstate01]
azurerm_subnet.pub_subnet: Refreshing state... [id=/subscriptions/2b2f02f7-dde2-47db-974c-47d2182721ae/resourceGroups/myTFResourceGroup/providers/Microsoft.Network/virtualNetworks/prodmyapp_virtual-network/subnets/prodmyapp_pub_subnet1]
azurerm_storage_account.prodmyapp_cmk: Refreshing state... [id=/subscriptions/2b2f02f7-dde2-47db-974c-47d2182721ae/resourceGroups/myTFResourceGroup/providers/Microsoft.Storage/storageAccounts/prodmyappsacmk01]
azurerm_public_ip.prodmyapp_pub_ips: Refreshing state... [id=/subscriptions/2b2f02f7-dde2-47db-974c-47d2182721ae/resourceGroups/myTFResourceGroup/providers/Microsoft.Network/publicIPAddresses/prodmyapp_public_ip1]
azurerm_subnet.pvt_subnet: Refreshing state... [id=/subscriptions/2b2f02f7-dde2-47db-974c-47d2182721ae/resourceGroups/myTFResourceGroup/providers/Microsoft.Network/virtualNetworks/prodmyapp_virtual-network/subnets/prodmyapp_pvt_subnet2]
azurerm_subnet_network_security_group_association.pub_subnet_nsg: Refreshing state... [id=/subscriptions/2b2f02f7-dde2-47db-974c-47d2182721ae/resourceGroups/myTFResourceGroup/providers/Microsoft.Network/virtualNetworks/prodmyapp_virtual-network/subnets/prodmyapp_pub_subnet1]
azurerm_role_assignment.tf_kv_admin: Refreshing state... [id=/subscriptions/2b2f02f7-dde2-47db-974c-47d2182721ae/resourceGroups/myTFResourceGroup/providers/Microsoft.KeyVault/vaults/prodmyappkv/providers/Microsoft.Authorization/roleAssignments/e1017293-79a4-7204-8a24-8ba2b4f2457e]
azurerm_network_interface.prodmyapp_nic: Refreshing state... [id=/subscriptions/2b2f02f7-dde2-47db-974c-47d2182721ae/resourceGroups/myTFResourceGroup/providers/Microsoft.Network/networkInterfaces/prodmyapp-nic1]
azurerm_key_vault_secret.sp_client_id: Refreshing state... [id=https://prodmyappkv.vault.azure.net/secrets/sp-client-id/cb55e61ab48340c2abb4e63b1ad22e5c]
azurerm_role_assignment.storage_kv_crypto: Refreshing state... [id=/subscriptions/2b2f02f7-dde2-47db-974c-47d2182721ae/resourceGroups/myTFResourceGroup/providers/Microsoft.KeyVault/vaults/prodmyappkv/providers/Microsoft.Authorization/roleAssignments/aefe9ba4-338e-8c0c-9a57-5f61505a2dea]
azurerm_key_vault_secret.sp_subscription_id: Refreshing state... [id=https://prodmyappkv.vault.azure.net/secrets/sp-subscription-id/392c3168be9140f1ab860a75e569112b]
azurerm_key_vault_secret.sp_tenant_id: Refreshing state... [id=https://prodmyappkv.vault.azure.net/secrets/sp-tenant-id/c0d2c9eb5cf64d6ba457cb78d38171ab]
azurerm_key_vault_secret.sp_client_secret: Refreshing state... [id=https://prodmyappkv.vault.azure.net/secrets/sp-client-secret/8c1e9e65f64448ff943f6e4995b1e2ba]
azurerm_key_vault_secret.github_token: Refreshing state... [id=https://prodmyappkv.vault.azure.net/secrets/githubtoken/a5d4cb04186b4df4aa6a958fa1519f03]
azurerm_subnet_network_security_group_association.pvt_subnet_nsg: Refreshing state... [id=/subscriptions/2b2f02f7-dde2-47db-974c-47d2182721ae/resourceGroups/myTFResourceGroup/providers/Microsoft.Network/virtualNetworks/prodmyapp_virtual-network/subnets/prodmyapp_pvt_subnet2]
azurerm_network_interface_security_group_association.nic_nsg_assn: Refreshing state... [id=/subscriptions/2b2f02f7-dde2-47db-974c-47d2182721ae/resourceGroups/myTFResourceGroup/providers/Microsoft.Network/networkInterfaces/prodmyapp-nic1|/subscriptions/2b2f02f7-dde2-47db-974c-47d2182721ae/resourceGroups/myTFResourceGroup/providers/Microsoft.Network/networkSecurityGroups/open-security-group]
time_sleep.wait_for_kv_rbac: Refreshing state... [id=2026-01-24T15:17:41Z]
azurerm_storage_container.prodmyapp: Refreshing state... [id=https://prodmyapptfstate01.blob.core.windows.net/mytfstate]
azurerm_key_vault_key.prodmyapp_key: Refreshing state... [id=https://prodmyappkv.vault.azure.net/keys/my-storage-cmk/51e0da2d9d5a4b53bfedce7faa0471cc]

Terraform used the selected providers to generate the following execution
plan. Resource actions are indicated with the following symbols:
  + create
  ~ update in-place
-/+ destroy and then create replacement

Terraform planned the following actions, but then encountered a problem:

  # azurerm_role_assignment.tf_kv_admin must be replaced
-/+ resource "azurerm_role_assignment" "tf_kv_admin" {
      ~ id                               = "/subscriptions/2b2f02f7-dde2-47db-974c-47d2182721ae/resourceGroups/myTFResourceGroup/providers/Microsoft.KeyVault/vaults/prodmyappkv/providers/Microsoft.Authorization/roleAssignments/e1017293-79a4-7204-8a24-8ba2b4f2457e" -> (known after apply)
      ~ name                             = "e1017293-79a4-7204-8a24-8ba2b4f2457e" -> (known after apply)
      ~ principal_id                     = "3a64aed9-8685-4f60-bad4-c7a0b3e0e4d2" -> "6afa262c-2979-4b4f-bfc7-7998f9f861bc" # forces replacement
      ~ principal_type                   = "ServicePrincipal" -> (known after apply)
      ~ role_definition_id               = "/subscriptions/2b2f02f7-dde2-47db-974c-47d2182721ae/providers/Microsoft.Authorization/roleDefinitions/00482a5a-887f-4fb3-b363-3b7fe8e74483" -> (known after apply)
      + skip_service_principal_aad_check = (known after apply)
        # (2 unchanged attributes hidden)
    }

  # azurerm_storage_account.prodmyapp will be updated in-place
  ~ resource "azurerm_storage_account" "prodmyapp" {
        id                                = "/subscriptions/2b2f02f7-dde2-47db-974c-47d2182721ae/resourceGroups/myTFResourceGroup/providers/Microsoft.Storage/storageAccounts/prodmyapptfstate01"
        name                              = "prodmyapptfstate01"
        tags                              = {}
        # (40 unchanged attributes hidden)

        # (3 unchanged blocks hidden)
    }

  # azurerm_storage_account.prodmyapp_cmk will be updated in-place
  ~ resource "azurerm_storage_account" "prodmyapp_cmk" {
        id                                = "/subscriptions/2b2f02f7-dde2-47db-974c-47d2182721ae/resourceGroups/myTFResourceGroup/providers/Microsoft.Storage/storageAccounts/prodmyappsacmk01"
        name                              = "prodmyappsacmk01"
        tags                              = {}
        # (40 unchanged attributes hidden)

        # (5 unchanged blocks hidden)
    }

  # local_file.public_key_openssh will be updated in-place
  ~ resource "local_file" "public_key_openssh" {
        id                   = "ef769e7d437e35cfc54efad2fab95746b91649a5"
        # (10 unchanged attributes hidden)
    }

  # local_sensitive_file.private_key_pem will be updated in-place
  ~ resource "local_sensitive_file" "private_key_pem" {
        id                   = "a70b04f6f86174d4edb4e9279305475fed74d30b"
        # (10 unchanged attributes hidden)
    }

  # null_resource.validate_vm_size will be created
  + resource "null_resource" "validate_vm_size" {
      + id = (known after apply)
    }

  # tls_private_key.vm_ssh will be updated in-place
  ~ resource "tls_private_key" "vm_ssh" {
        id                            = "3f41b7f5f82dbadce6d1f0563e9a676fd390031f"
        # (10 unchanged attributes hidden)
    }

Plan: 2 to add, 5 to change, 1 to destroy.

Error: making Read request on Azure KeyVault Secret sp-client-id: keyvault.BaseClient#GetSecret: Failure responding to request: StatusCode=403 -- Original Error: autorest/azure: Service returned an error. Status=403 Code="Forbidden" Message="Caller is not authorized to perform action on resource.\r\nIf role assignments, deny assignments or role definitions were changed recently, please observe propagation time.\r\nCaller: appid=04b07795-8ddb-461a-bbee-02f9e1bf7b46;oid=6afa262c-2979-4b4f-bfc7-7998f9f861bc;iss=https://sts.windows.net/f175c56d-4013-42fa-a0e8-4103d2276a0d/\r\nAction: 'Microsoft.KeyVault/vaults/secrets/getSecret/action'\r\nResource: '/subscriptions/2b2f02f7-dde2-47db-974c-47d2182721ae/resourcegroups/mytfresourcegroup/providers/microsoft.keyvault/vaults/prodmyappkv/secrets/sp-client-id'\r\nAssignment: (not found)\r\nDenyAssignmentId: null\r\nDecisionReason: null \r\nVault: prodmyappkv;location=australiaeast\r\n" InnerError={"code":"ForbiddenByRbac"}

  with azurerm_key_vault_secret.sp_client_id,
  on main.tf line 207, in resource "azurerm_key_vault_secret" "sp_client_id":
 207: resource "azurerm_key_vault_secret" "sp_client_id" {


Error: making Read request on Azure KeyVault Secret sp-client-secret: keyvault.BaseClient#GetSecret: Failure responding to request: StatusCode=403 -- Original Error: autorest/azure: Service returned an error. Status=403 Code="Forbidden" Message="Caller is not authorized to perform action on resource.\r\nIf role assignments, deny assignments or role definitions were changed recently, please observe propagation time.\r\nCaller: appid=04b07795-8ddb-461a-bbee-02f9e1bf7b46;oid=6afa262c-2979-4b4f-bfc7-7998f9f861bc;iss=https://sts.windows.net/f175c56d-4013-42fa-a0e8-4103d2276a0d/\r\nAction: 'Microsoft.KeyVault/vaults/secrets/getSecret/action'\r\nResource: '/subscriptions/2b2f02f7-dde2-47db-974c-47d2182721ae/resourcegroups/mytfresourcegroup/providers/microsoft.keyvault/vaults/prodmyappkv/secrets/sp-client-secret'\r\nAssignment: (not found)\r\nDenyAssignmentId: null\r\nDecisionReason: null \r\nVault: prodmyappkv;location=australiaeast\r\n" InnerError={"code":"ForbiddenByRbac"}

  with azurerm_key_vault_secret.sp_client_secret,
  on main.tf line 226, in resource "azurerm_key_vault_secret" "sp_client_secret":
 226: resource "azurerm_key_vault_secret" "sp_client_secret" {


Error: making Read request on Azure KeyVault Secret sp-tenant-id: keyvault.BaseClient#GetSecret: Failure responding to request: StatusCode=403 -- Original Error: autorest/azure: Service returned an error. Status=403 Code="Forbidden" Message="Caller is not authorized to perform action on resource.\r\nIf role assignments, deny assignments or role definitions were changed recently, please observe propagation time.\r\nCaller: appid=04b07795-8ddb-461a-bbee-02f9e1bf7b46;oid=6afa262c-2979-4b4f-bfc7-7998f9f861bc;iss=https://sts.windows.net/f175c56d-4013-42fa-a0e8-4103d2276a0d/\r\nAction: 'Microsoft.KeyVault/vaults/secrets/getSecret/action'\r\nResource: '/subscriptions/2b2f02f7-dde2-47db-974c-47d2182721ae/resourcegroups/mytfresourcegroup/providers/microsoft.keyvault/vaults/prodmyappkv/secrets/sp-tenant-id'\r\nAssignment: (not found)\r\nDenyAssignmentId: null\r\nDecisionReason: null \r\nVault: prodmyappkv;location=australiaeast\r\n" InnerError={"code":"ForbiddenByRbac"}

  with azurerm_key_vault_secret.sp_tenant_id,
  on main.tf line 238, in resource "azurerm_key_vault_secret" "sp_tenant_id":
 238: resource "azurerm_key_vault_secret" "sp_tenant_id" {


Error: making Read request on Azure KeyVault Secret sp-subscription-id: keyvault.BaseClient#GetSecret: Failure responding to request: StatusCode=403 -- Original Error: autorest/azure: Service returned an error. Status=403 Code="Forbidden" Message="Caller is not authorized to perform action on resource.\r\nIf role assignments, deny assignments or role definitions were changed recently, please observe propagation time.\r\nCaller: appid=04b07795-8ddb-461a-bbee-02f9e1bf7b46;oid=6afa262c-2979-4b4f-bfc7-7998f9f861bc;iss=https://sts.windows.net/f175c56d-4013-42fa-a0e8-4103d2276a0d/\r\nAction: 'Microsoft.KeyVault/vaults/secrets/getSecret/action'\r\nResource: '/subscriptions/2b2f02f7-dde2-47db-974c-47d2182721ae/resourcegroups/mytfresourcegroup/providers/microsoft.keyvault/vaults/prodmyappkv/secrets/sp-subscription-id'\r\nAssignment: (not found)\r\nDenyAssignmentId: null\r\nDecisionReason: null \r\nVault: prodmyappkv;location=australiaeast\r\n" InnerError={"code":"ForbiddenByRbac"}

  with azurerm_key_vault_secret.sp_subscription_id,
  on main.tf line 247, in resource "azurerm_key_vault_secret" "sp_subscription_id":
 247: resource "azurerm_key_vault_secret" "sp_subscription_id" {


Error: making Read request on Azure KeyVault Secret githubtoken: keyvault.BaseClient#GetSecret: Failure responding to request: StatusCode=403 -- Original Error: autorest/azure: Service returned an error. Status=403 Code="Forbidden" Message="Caller is not authorized to perform action on resource.\r\nIf role assignments, deny assignments or role definitions were changed recently, please observe propagation time.\r\nCaller: appid=04b07795-8ddb-461a-bbee-02f9e1bf7b46;oid=6afa262c-2979-4b4f-bfc7-7998f9f861bc;iss=https://sts.windows.net/f175c56d-4013-42fa-a0e8-4103d2276a0d/\r\nAction: 'Microsoft.KeyVault/vaults/secrets/getSecret/action'\r\nResource: '/subscriptions/2b2f02f7-dde2-47db-974c-47d2182721ae/resourcegroups/mytfresourcegroup/providers/microsoft.keyvault/vaults/prodmyappkv/secrets/githubtoken'\r\nAssignment: (not found)\r\nDenyAssignmentId: null\r\nDecisionReason: null \r\nVault: prodmyappkv;location=australiaeast\r\n" InnerError={"code":"ForbiddenByRbac"}

  with azurerm_key_vault_secret.github_token,
  on main.tf line 278, in resource "azurerm_key_vault_secret" "github_token":
 278: resource "azurerm_key_vault_secret" "github_token" {


Error: keyvault.BaseClient#GetKey: Failure responding to request: StatusCode=403 -- Original Error: autorest/azure: Service returned an error. Status=403 Code="Forbidden" Message="Caller is not authorized to perform action on resource.\r\nIf role assignments, deny assignments or role definitions were changed recently, please observe propagation time.\r\nCaller: appid=04b07795-8ddb-461a-bbee-02f9e1bf7b46;oid=6afa262c-2979-4b4f-bfc7-7998f9f861bc;iss=https://sts.windows.net/f175c56d-4013-42fa-a0e8-4103d2276a0d/\r\nAction: 'Microsoft.KeyVault/vaults/keys/read'\r\nResource: '/subscriptions/2b2f02f7-dde2-47db-974c-47d2182721ae/resourcegroups/mytfresourcegroup/providers/microsoft.keyvault/vaults/prodmyappkv/keys/my-storage-cmk'\r\nAssignment: (not found)\r\nDenyAssignmentId: null\r\nDecisionReason: null \r\nVault: prodmyappkv;location=australiaeast\r\n" InnerError={"code":"ForbiddenByRbac"}

  with azurerm_key_vault_key.prodmyapp_key,
  on main.tf line 372, in resource "azurerm_key_vault_key" "prodmyapp_key":
 372: resource "azurerm_key_vault_key" "prodmyapp_key" {

Releasing state lock. This may take a few moments...
