Acquiring state lock. This may take a few moments...
local_file.public_key_openssh: Refreshing state... [id=1ba6347b847919ec833c26c2cdbb61e6a6906f7e]
azurerm_policy_definition.require_managed_by: Refreshing state... [id=/subscriptions/2b2f02f7-dde2-47db-974c-47d2182721ae/providers/Microsoft.Authorization/policyDefinitions/require-managed-by-tag]
azurerm_policy_definition.require_environment: Refreshing state... [id=/subscriptions/2b2f02f7-dde2-47db-974c-47d2182721ae/providers/Microsoft.Authorization/policyDefinitions/require-environment-tag]
azurerm_policy_definition.require_deployment_id: Refreshing state... [id=/subscriptions/2b2f02f7-dde2-47db-974c-47d2182721ae/providers/Microsoft.Authorization/policyDefinitions/require-deployment-id-tag]
data.azurerm_client_config.current: Reading...
data.azurerm_client_config.current: Read complete after 0s [id=Y2xpZW50Q29uZmlncy9jbGllbnRJZD0wNGIwNzc5NS04ZGRiLTQ2MWEtYmJlZS0wMmY5ZTFiZjdiNDY7b2JqZWN0SWQ9M2E2NGFlZDktODY4NS00ZjYwLWJhZDQtYzdhMGIzZTBlNGQyO3N1YnNjcmlwdGlvbklkPTJiMmYwMmY3LWRkZTItNDdkYi05NzRjLTQ3ZDIxODI3MjFhZTt0ZW5hbnRJZD1mMTc1YzU2ZC00MDEzLTQyZmEtYTBlOC00MTAzZDIyNzZhMGQ=]
data.azuread_service_principal.prodmyapp: Reading...
data.azuread_service_principal.prodmyapp: Read complete after 2s [id=3a64aed9-8685-4f60-bad4-c7a0b3e0e4d2]
tls_private_key.vm_ssh: Refreshing state... [id=8a72a3cf1152e41fd222a518179fd129a98db199]
null_resource.validate_vm_size: Refreshing state... [id=2258612548479758890]
azurerm_resource_group.prodmyapp: Refreshing state... [id=/subscriptions/2b2f02f7-dde2-47db-974c-47d2182721ae/resourceGroups/myTFResourceGroup]
azurerm_virtual_network.prodmyapp_vnet: Refreshing state... [id=/subscriptions/2b2f02f7-dde2-47db-974c-47d2182721ae/resourceGroups/myTFResourceGroup/providers/Microsoft.Network/virtualNetworks/prodmyapp_virtual-network]
azurerm_resource_group_policy_assignment.rg_deployment_id: Refreshing state... [id=/subscriptions/2b2f02f7-dde2-47db-974c-47d2182721ae/resourceGroups/myTFResourceGroup/providers/Microsoft.Authorization/policyAssignments/rg-require-deployment-id]
azurerm_user_assigned_identity.prodmyapp_sa_identity: Refreshing state... [id=/subscriptions/2b2f02f7-dde2-47db-974c-47d2182721ae/resourceGroups/myTFResourceGroup/providers/Microsoft.ManagedIdentity/userAssignedIdentities/my-storage-identity]
azurerm_public_ip.windows[2]: Refreshing state... [id=/subscriptions/2b2f02f7-dde2-47db-974c-47d2182721ae/resourceGroups/myTFResourceGroup/providers/Microsoft.Network/publicIPAddresses/win-public-ip-03]
azurerm_public_ip.linux[0]: Refreshing state... [id=/subscriptions/2b2f02f7-dde2-47db-974c-47d2182721ae/resourceGroups/myTFResourceGroup/providers/Microsoft.Network/publicIPAddresses/linux-pip-1]
azurerm_public_ip.linux[1]: Refreshing state... [id=/subscriptions/2b2f02f7-dde2-47db-974c-47d2182721ae/resourceGroups/myTFResourceGroup/providers/Microsoft.Network/publicIPAddresses/linux-pip-2]
azurerm_key_vault.prodmyapp: Refreshing state... [id=/subscriptions/2b2f02f7-dde2-47db-974c-47d2182721ae/resourceGroups/myTFResourceGroup/providers/Microsoft.KeyVault/vaults/prodmyappkv]
azurerm_public_ip.windows[0]: Refreshing state... [id=/subscriptions/2b2f02f7-dde2-47db-974c-47d2182721ae/resourceGroups/myTFResourceGroup/providers/Microsoft.Network/publicIPAddresses/win-public-ip-01]
azurerm_public_ip.windows[1]: Refreshing state... [id=/subscriptions/2b2f02f7-dde2-47db-974c-47d2182721ae/resourceGroups/myTFResourceGroup/providers/Microsoft.Network/publicIPAddresses/win-public-ip-02]
azurerm_resource_group_policy_assignment.rg_managed_by: Refreshing state... [id=/subscriptions/2b2f02f7-dde2-47db-974c-47d2182721ae/resourceGroups/myTFResourceGroup/providers/Microsoft.Authorization/policyAssignments/rg-require-managed-by]
azurerm_resource_group_policy_assignment.rg_environment: Refreshing state... [id=/subscriptions/2b2f02f7-dde2-47db-974c-47d2182721ae/resourceGroups/myTFResourceGroup/providers/Microsoft.Authorization/policyAssignments/rg-require-environment]
azurerm_network_security_group.prodmyapp_nsg_shared: Refreshing state... [id=/subscriptions/2b2f02f7-dde2-47db-974c-47d2182721ae/resourceGroups/myTFResourceGroup/providers/Microsoft.Network/networkSecurityGroups/open-security-group]
azurerm_subnet.pub_subnet: Refreshing state... [id=/subscriptions/2b2f02f7-dde2-47db-974c-47d2182721ae/resourceGroups/myTFResourceGroup/providers/Microsoft.Network/virtualNetworks/prodmyapp_virtual-network/subnets/prodmyapp_pub_subnet1]
azurerm_subnet.pvt_subnet: Refreshing state... [id=/subscriptions/2b2f02f7-dde2-47db-974c-47d2182721ae/resourceGroups/myTFResourceGroup/providers/Microsoft.Network/virtualNetworks/prodmyapp_virtual-network/subnets/prodmyapp_pvt_subnet2]
azurerm_storage_account.prodmyapp: Refreshing state... [id=/subscriptions/2b2f02f7-dde2-47db-974c-47d2182721ae/resourceGroups/myTFResourceGroup/providers/Microsoft.Storage/storageAccounts/prodmyappsacmk01]
azurerm_key_vault_secret.sp_client_secret: Refreshing state... [id=https://prodmyappkv.vault.azure.net/secrets/sp-client-secret/fdb2e08062544e90a6c3ecfb6a25897f]
azurerm_role_assignment.tf_kv_admin: Refreshing state... [id=/subscriptions/2b2f02f7-dde2-47db-974c-47d2182721ae/resourceGroups/myTFResourceGroup/providers/Microsoft.KeyVault/vaults/prodmyappkv/providers/Microsoft.Authorization/roleAssignments/d9e169d9-c689-f1ee-c3a7-3bb1f5b6f37b]
azurerm_key_vault_secret.sp_client_id: Refreshing state... [id=https://prodmyappkv.vault.azure.net/secrets/sp-client-id/d7fb0faf32524ce48be82c8a1abaa501]
azurerm_key_vault_secret.sp_subscription_id: Refreshing state... [id=https://prodmyappkv.vault.azure.net/secrets/sp-subscription-id/380b5a9f9c6e44d4b10468e2b1df6ca1]
azurerm_role_assignment.storage_kv_crypto: Refreshing state... [id=/subscriptions/2b2f02f7-dde2-47db-974c-47d2182721ae/resourceGroups/myTFResourceGroup/providers/Microsoft.KeyVault/vaults/prodmyappkv/providers/Microsoft.Authorization/roleAssignments/d1648830-65b8-0064-48c5-441d75dea67a]
azurerm_key_vault_secret.github_token: Refreshing state... [id=https://prodmyappkv.vault.azure.net/secrets/githubtoken/587c6f85ea8b4c5d88740a0fe18cefca]
azurerm_key_vault_secret.sp_tenant_id: Refreshing state... [id=https://prodmyappkv.vault.azure.net/secrets/sp-tenant-id/abe0edc6d4dd450e86dc8ac101fb4212]
azurerm_subnet_network_security_group_association.pub_subnet_nsg: Refreshing state... [id=/subscriptions/2b2f02f7-dde2-47db-974c-47d2182721ae/resourceGroups/myTFResourceGroup/providers/Microsoft.Network/virtualNetworks/prodmyapp_virtual-network/subnets/prodmyapp_pub_subnet1]
azurerm_network_interface.windows[1]: Refreshing state... [id=/subscriptions/2b2f02f7-dde2-47db-974c-47d2182721ae/resourceGroups/myTFResourceGroup/providers/Microsoft.Network/networkInterfaces/win-nic-02]
azurerm_network_interface.windows[2]: Refreshing state... [id=/subscriptions/2b2f02f7-dde2-47db-974c-47d2182721ae/resourceGroups/myTFResourceGroup/providers/Microsoft.Network/networkInterfaces/win-nic-03]
azurerm_network_interface.windows[0]: Refreshing state... [id=/subscriptions/2b2f02f7-dde2-47db-974c-47d2182721ae/resourceGroups/myTFResourceGroup/providers/Microsoft.Network/networkInterfaces/win-nic-01]
azurerm_network_interface.linux[0]: Refreshing state... [id=/subscriptions/2b2f02f7-dde2-47db-974c-47d2182721ae/resourceGroups/myTFResourceGroup/providers/Microsoft.Network/networkInterfaces/linux-nic-01]
azurerm_network_interface.linux[1]: Refreshing state... [id=/subscriptions/2b2f02f7-dde2-47db-974c-47d2182721ae/resourceGroups/myTFResourceGroup/providers/Microsoft.Network/networkInterfaces/linux-nic-02]
azurerm_subnet_network_security_group_association.pvt_subnet_nsg: Refreshing state... [id=/subscriptions/2b2f02f7-dde2-47db-974c-47d2182721ae/resourceGroups/myTFResourceGroup/providers/Microsoft.Network/virtualNetworks/prodmyapp_virtual-network/subnets/prodmyapp_pvt_subnet2]
azurerm_storage_container.prodmyapp: Refreshing state... [id=/subscriptions/2b2f02f7-dde2-47db-974c-47d2182721ae/resourceGroups/myTFResourceGroup/providers/Microsoft.Storage/storageAccounts/prodmyappsacmk01/blobServices/default/containers/mytfstate]
time_sleep.wait_for_kv_rbac: Refreshing state... [id=2026-04-20T10:45:24Z]
azurerm_role_assignment.terraform_backend_storage_access: Refreshing state... [id=/subscriptions/2b2f02f7-dde2-47db-974c-47d2182721ae/resourceGroups/myTFResourceGroup/providers/Microsoft.Storage/storageAccounts/prodmyappsacmk01/blobServices/default/containers/mytfstate/providers/Microsoft.Authorization/roleAssignments/52e4c051-0a07-1a95-7783-c649efbc7865]
azurerm_key_vault_key.prodmyapp_key: Refreshing state... [id=https://prodmyappkv.vault.azure.net/keys/my-storage-cmk/51e0da2d9d5a4b53bfedce7faa0471cc]
azurerm_disk_encryption_set.prod_des: Refreshing state... [id=/subscriptions/2b2f02f7-dde2-47db-974c-47d2182721ae/resourceGroups/myTFResourceGroup/providers/Microsoft.Compute/diskEncryptionSets/prod-des]
azurerm_storage_account_customer_managed_key.prodmyapp_sa_cmk: Refreshing state... [id=/subscriptions/2b2f02f7-dde2-47db-974c-47d2182721ae/resourceGroups/myTFResourceGroup/providers/Microsoft.Storage/storageAccounts/prodmyappsacmk01]
azurerm_role_assignment.des_kv_crypto: Refreshing state... [id=/subscriptions/2b2f02f7-dde2-47db-974c-47d2182721ae/resourceGroups/myTFResourceGroup/providers/Microsoft.KeyVault/vaults/prodmyappkv/providers/Microsoft.Authorization/roleAssignments/6cad63bb-2172-dd68-e0d5-eb1c0c662ed3]
time_sleep.wait_for_des_rbac: Refreshing state... [id=2026-04-26T15:25:29Z]
azurerm_windows_virtual_machine.windows_vm[1]: Refreshing state... [id=/subscriptions/2b2f02f7-dde2-47db-974c-47d2182721ae/resourceGroups/myTFResourceGroup/providers/Microsoft.Compute/virtualMachines/windows-vm-02]
azurerm_windows_virtual_machine.windows_vm[2]: Refreshing state... [id=/subscriptions/2b2f02f7-dde2-47db-974c-47d2182721ae/resourceGroups/myTFResourceGroup/providers/Microsoft.Compute/virtualMachines/windows-vm-03]
azurerm_windows_virtual_machine.windows_vm[0]: Refreshing state... [id=/subscriptions/2b2f02f7-dde2-47db-974c-47d2182721ae/resourceGroups/myTFResourceGroup/providers/Microsoft.Compute/virtualMachines/windows-vm-01]

Terraform used the selected providers to generate the following execution
plan. Resource actions are indicated with the following symbols:
  - destroy

Terraform will perform the following actions:

  # local_file.public_key_openssh will be destroyed
  # (because local_file.public_key_openssh is not in configuration)
  - resource "local_file" "public_key_openssh" {
      - content              = <<-EOT
            ssh-rsa AAAAB3NzaC1yc2EAAAADAQABAAACAQDAZGwvi81XoRsmmcE79csbUABUyY1reuhZzHhN8fFS0fTMz0ExHtmLvjE0qGsBQ5cKNd3C9V2syv7AdmAJC8OEgPZznE2JNiXbOrD8FPgjJk5fWExdXzlGtnenYghUTjX49CdlMRM2rQljsnUmn2TK/Loowu8bvHvHusTufEfTBmi0fA4fWd3er0EoK//YJQd8YrTOTmpv/rD+8OVJ6VOK1ZJuwdZmbZhn/Pv80DRIklBH1Bt50ABzcxaEtZnPd8NkTy9w789gH3GXkis5v7kjFqZ4aPTQ627FTyp2PIybhb/W4sogDyKEh3F/c5dnpFZr7vyPYltMr91O24gT+qXZib00VskAdC1HWqcqM5jvvlFR8Tz6fHFLKUUZg4Z8PMwVXgyugQOsh9B27RsBnBb/zfsrWgT+drfGHicX7oYRp6bcMS8S60RITPL112bF6iW0u3bNcOPhm+T2v19nyNfjoSMAZ2TjqfzZKCg7oKVWxCZxwCdHLma7lvV5v2gGbDrIstzF7gYtl3QleKuowBI8upHtFFVUydeGBmUy7b4UjgZmocB+HQx+fUKNCVewx/alT7tsNt74ida/QmvvhdyA7XnVuSvTODtNgv1Fvo7164mZgQqh9tF4dutKIsF8TopAgnryu9fHw2dCYRffF/45GqzYh4NbpizBM5Q5L/+giQ==
        EOT -> null
      - content_base64sha256 = "tuoghGao4BekSX2UY5FEXjs1Pz2vMzPeCKWK56y8jKM=" -> null
      - content_base64sha512 = "ezqw8UqEVq9hMDSkJ8hANjwWW8zGI7PUkHJqLPJZoGAfHO4ZP/sWs7o0oheXB9mRVB8fwVzWoDIC++XF8wf/aQ==" -> null
      - content_md5          = "c3cf6d0f86531fcd2f7ac7222a64c6a4" -> null
      - content_sha1         = "1ba6347b847919ec833c26c2cdbb61e6a6906f7e" -> null
      - content_sha256       = "b6ea208466a8e017a4497d946391445e3b353f3daf3333de08a58ae7acbc8ca3" -> null
      - content_sha512       = "7b3ab0f14a8456af613034a427c840363c165bccc623b3d490726a2cf259a0601f1cee193ffb16b3ba34a2179707d991541f1fc15cd6a03202fbe5c5f307ff69" -> null
      - directory_permission = "0777" -> null
      - file_permission      = "0644" -> null
      - filename             = "/home/cloud-user/.ssh/prodmyapp_vm1.pub" -> null
      - id                   = "1ba6347b847919ec833c26c2cdbb61e6a6906f7e" -> null
    }

  # tls_private_key.vm_ssh will be destroyed
  # (because tls_private_key.vm_ssh is not in configuration)
  - resource "tls_private_key" "vm_ssh" {
      - algorithm                     = "RSA" -> null
      - ecdsa_curve                   = "P224" -> null
      - id                            = "8a72a3cf1152e41fd222a518179fd129a98db199" -> null
      - private_key_openssh           = (sensitive value) -> null
      - private_key_pem               = (sensitive value) -> null
      - private_key_pem_pkcs8         = (sensitive value) -> null
      - public_key_fingerprint_md5    = "a3:7f:a0:36:87:cd:95:bf:df:3b:65:bd:9e:5d:4b:5b" -> null
      - public_key_fingerprint_sha256 = "SHA256:O6rMKrz2skxtE1KkbdsUNSjfLOoketJdqF6zQXT2xmc" -> null
      - public_key_openssh            = <<-EOT
            ssh-rsa AAAAB3NzaC1yc2EAAAADAQABAAACAQDAZGwvi81XoRsmmcE79csbUABUyY1reuhZzHhN8fFS0fTMz0ExHtmLvjE0qGsBQ5cKNd3C9V2syv7AdmAJC8OEgPZznE2JNiXbOrD8FPgjJk5fWExdXzlGtnenYghUTjX49CdlMRM2rQljsnUmn2TK/Loowu8bvHvHusTufEfTBmi0fA4fWd3er0EoK//YJQd8YrTOTmpv/rD+8OVJ6VOK1ZJuwdZmbZhn/Pv80DRIklBH1Bt50ABzcxaEtZnPd8NkTy9w789gH3GXkis5v7kjFqZ4aPTQ627FTyp2PIybhb/W4sogDyKEh3F/c5dnpFZr7vyPYltMr91O24gT+qXZib00VskAdC1HWqcqM5jvvlFR8Tz6fHFLKUUZg4Z8PMwVXgyugQOsh9B27RsBnBb/zfsrWgT+drfGHicX7oYRp6bcMS8S60RITPL112bF6iW0u3bNcOPhm+T2v19nyNfjoSMAZ2TjqfzZKCg7oKVWxCZxwCdHLma7lvV5v2gGbDrIstzF7gYtl3QleKuowBI8upHtFFVUydeGBmUy7b4UjgZmocB+HQx+fUKNCVewx/alT7tsNt74ida/QmvvhdyA7XnVuSvTODtNgv1Fvo7164mZgQqh9tF4dutKIsF8TopAgnryu9fHw2dCYRffF/45GqzYh4NbpizBM5Q5L/+giQ==
        EOT -> null
      - public_key_pem                = <<-EOT
            -----BEGIN PUBLIC KEY-----
            MIICIjANBgkqhkiG9w0BAQEFAAOCAg8AMIICCgKCAgEAwGRsL4vNV6EbJpnBO/XL
            G1AAVMmNa3roWcx4TfHxUtH0zM9BMR7Zi74xNKhrAUOXCjXdwvVdrMr+wHZgCQvD
            hID2c5xNiTYl2zqw/BT4IyZOX1hMXV85RrZ3p2IIVE41+PQnZTETNq0JY7J1Jp9k
            yvy6KMLvG7x7x7rE7nxH0wZotHwOH1nd3q9BKCv/2CUHfGK0zk5qb/6w/vDlSelT
            itWSbsHWZm2YZ/z7/NA0SJJQR9QbedAAc3MWhLWZz3fDZE8vcO/PYB9xl5IrOb+5
            IxameGj00OtuxU8qdjyMm4W/1uLKIA8ihIdxf3OXZ6RWa+78j2JbTK/dTtuIE/ql
            2Ym9NFbJAHQtR1qnKjOY775RUfE8+nxxSylFGYOGfDzMFV4MroEDrIfQdu0bAZwW
            /837K1oE/na3xh4nF+6GEaem3DEvEutESEzy9ddmxeoltLt2zXDj4Zvk9r9fZ8jX
            46EjAGdk46n82SgoO6ClVsQmccAnRy5mu5b1eb9oBmw6yLLcxe4GLZd0JXirqMAS
            PLqR7RRVVMnXhgZlMu2+FI4GZqHAfh0Mfn1CjQlXsMf2pU+7bDbe+InWv0Jr74Xc
            gO151bkr0zg7TYL9Rb6O9euJmYEKofbReHbrSiLBfE6KQIJ68rvXx8NnQmEX3xf+
            ORqs2IeDW6YswTOUOS//oIkCAwEAAQ==
            -----END PUBLIC KEY-----
        EOT -> null
      - rsa_bits                      = 4096 -> null
    }

Plan: 0 to add, 0 to change, 2 to destroy.

Changes to Outputs:
  ~ debug_tags = {
      ~ creation_run_id = "448" -> "450"
      ~ creation_time   = "2026-05-13T15:23:30Z" -> (known after apply)
        # (3 unchanged attributes hidden)
    }

Warning: Argument is deprecated

  with azurerm_storage_account_customer_managed_key.prodmyapp_sa_cmk,
  on main.tf line 457, in resource "azurerm_storage_account_customer_managed_key" "prodmyapp_sa_cmk":
 457:   key_vault_id       = azurerm_key_vault.prodmyapp.id

`key_vault_id` has been deprecated in favour of `key_vault_key_id` and will
be removed in v5.0 of the AzureRM provider

(and 2 more similar warnings elsewhere)

─────────────────────────────────────────────────────────────────────────────

Saved the plan to: tfplan

To perform exactly these actions, run the following command to apply:
    terraform apply "tfplan"
Releasing state lock. This may take a few moments...
