Acquiring state lock. This may take a few moments...
azurerm_resource_group.prodmyapp: Modifying... [id=/subscriptions/2b2f02f7-dde2-47db-974c-47d2182721ae/resourceGroups/myTFResourceGroup]
azurerm_resource_group.prodmyapp: Modifications complete after 5s [id=/subscriptions/2b2f02f7-dde2-47db-974c-47d2182721ae/resourceGroups/myTFResourceGroup]
azurerm_user_assigned_identity.prodmyapp_sa_identity: Modifying... [id=/subscriptions/2b2f02f7-dde2-47db-974c-47d2182721ae/resourceGroups/myTFResourceGroup/providers/Microsoft.ManagedIdentity/userAssignedIdentities/my-storage-identity]
azurerm_storage_account.prodmyapp: Modifying... [id=/subscriptions/2b2f02f7-dde2-47db-974c-47d2182721ae/resourceGroups/myTFResourceGroup/providers/Microsoft.Storage/storageAccounts/prodmyapptfstate01]
azurerm_key_vault.prodmyapp: Modifying... [id=/subscriptions/2b2f02f7-dde2-47db-974c-47d2182721ae/resourceGroups/myTFResourceGroup/providers/Microsoft.KeyVault/vaults/prodmyappkv]
azurerm_network_security_group.prodmyapp_sg: Modifying... [id=/subscriptions/2b2f02f7-dde2-47db-974c-47d2182721ae/resourceGroups/myTFResourceGroup/providers/Microsoft.Network/networkSecurityGroups/open-security-group]
azurerm_virtual_network.prodmyapp_vnet: Modifying... [id=/subscriptions/2b2f02f7-dde2-47db-974c-47d2182721ae/resourceGroups/myTFResourceGroup/providers/Microsoft.Network/virtualNetworks/prodmyapp_virtual-network]
azurerm_virtual_network.prodmyapp_vnet: Still modifying... [id=/subscriptions/2b2f02f7-dde2-47db-974c-...tualNetworks/prodmyapp_virtual-network, 00m11s elapsed]
azurerm_network_security_group.prodmyapp_sg: Still modifying... [id=/subscriptions/2b2f02f7-dde2-47db-974c-...workSecurityGroups/open-security-group, 00m11s elapsed]
azurerm_key_vault.prodmyapp: Still modifying... [id=/subscriptions/2b2f02f7-dde2-47db-974c-.../Microsoft.KeyVault/vaults/prodmyappkv, 00m11s elapsed]
azurerm_user_assigned_identity.prodmyapp_sa_identity: Still modifying... [id=/subscriptions/2b2f02f7-dde2-47db-974c-...AssignedIdentities/my-storage-identity, 00m11s elapsed]
azurerm_storage_account.prodmyapp: Still modifying... [id=/subscriptions/2b2f02f7-dde2-47db-974c-...age/storageAccounts/prodmyapptfstate01, 00m11s elapsed]
azurerm_virtual_network.prodmyapp_vnet: Still modifying... [id=/subscriptions/2b2f02f7-dde2-47db-974c-...tualNetworks/prodmyapp_virtual-network, 00m22s elapsed]
azurerm_network_security_group.prodmyapp_sg: Still modifying... [id=/subscriptions/2b2f02f7-dde2-47db-974c-...workSecurityGroups/open-security-group, 00m22s elapsed]
azurerm_storage_account.prodmyapp: Still modifying... [id=/subscriptions/2b2f02f7-dde2-47db-974c-...age/storageAccounts/prodmyapptfstate01, 00m22s elapsed]
azurerm_key_vault.prodmyapp: Still modifying... [id=/subscriptions/2b2f02f7-dde2-47db-974c-.../Microsoft.KeyVault/vaults/prodmyappkv, 00m22s elapsed]
azurerm_user_assigned_identity.prodmyapp_sa_identity: Still modifying... [id=/subscriptions/2b2f02f7-dde2-47db-974c-...AssignedIdentities/my-storage-identity, 00m22s elapsed]
azurerm_user_assigned_identity.prodmyapp_sa_identity: Modifications complete after 26s [id=/subscriptions/2b2f02f7-dde2-47db-974c-47d2182721ae/resourceGroups/myTFResourceGroup/providers/Microsoft.ManagedIdentity/userAssignedIdentities/my-storage-identity]
azurerm_virtual_network.prodmyapp_vnet: Still modifying... [id=/subscriptions/2b2f02f7-dde2-47db-974c-...tualNetworks/prodmyapp_virtual-network, 00m32s elapsed]
azurerm_network_security_group.prodmyapp_sg: Still modifying... [id=/subscriptions/2b2f02f7-dde2-47db-974c-...workSecurityGroups/open-security-group, 00m32s elapsed]
azurerm_key_vault.prodmyapp: Still modifying... [id=/subscriptions/2b2f02f7-dde2-47db-974c-.../Microsoft.KeyVault/vaults/prodmyappkv, 00m32s elapsed]
azurerm_storage_account.prodmyapp: Still modifying... [id=/subscriptions/2b2f02f7-dde2-47db-974c-...age/storageAccounts/prodmyapptfstate01, 00m32s elapsed]
azurerm_key_vault.prodmyapp: Still modifying... [id=/subscriptions/2b2f02f7-dde2-47db-974c-.../Microsoft.KeyVault/vaults/prodmyappkv, 00m43s elapsed]
azurerm_storage_account.prodmyapp: Still modifying... [id=/subscriptions/2b2f02f7-dde2-47db-974c-...age/storageAccounts/prodmyapptfstate01, 00m43s elapsed]
azurerm_network_security_group.prodmyapp_sg: Still modifying... [id=/subscriptions/2b2f02f7-dde2-47db-974c-...workSecurityGroups/open-security-group, 00m43s elapsed]
azurerm_virtual_network.prodmyapp_vnet: Still modifying... [id=/subscriptions/2b2f02f7-dde2-47db-974c-...tualNetworks/prodmyapp_virtual-network, 00m43s elapsed]
azurerm_network_security_group.prodmyapp_sg: Still modifying... [id=/subscriptions/2b2f02f7-dde2-47db-974c-...workSecurityGroups/open-security-group, 00m54s elapsed]
azurerm_key_vault.prodmyapp: Still modifying... [id=/subscriptions/2b2f02f7-dde2-47db-974c-.../Microsoft.KeyVault/vaults/prodmyappkv, 00m55s elapsed]
azurerm_storage_account.prodmyapp: Still modifying... [id=/subscriptions/2b2f02f7-dde2-47db-974c-...age/storageAccounts/prodmyapptfstate01, 00m55s elapsed]
azurerm_virtual_network.prodmyapp_vnet: Still modifying... [id=/subscriptions/2b2f02f7-dde2-47db-974c-...tualNetworks/prodmyapp_virtual-network, 01m17s elapsed]
azurerm_key_vault.prodmyapp: Still modifying... [id=/subscriptions/2b2f02f7-dde2-47db-974c-.../Microsoft.KeyVault/vaults/prodmyappkv, 01m12s elapsed]
azurerm_storage_account.prodmyapp: Still modifying... [id=/subscriptions/2b2f02f7-dde2-47db-974c-...age/storageAccounts/prodmyapptfstate01, 01m11s elapsed]
azurerm_key_vault.prodmyapp: Still modifying... [id=/subscriptions/2b2f02f7-dde2-47db-974c-.../Microsoft.KeyVault/vaults/prodmyappkv, 03m22s elapsed]
azurerm_network_security_group.prodmyapp_sg: Still modifying... [id=/subscriptions/2b2f02f7-dde2-47db-974c-...workSecurityGroups/open-security-group, 01m12s elapsed]
azurerm_virtual_network.prodmyapp_vnet: Still modifying... [id=/subscriptions/2b2f02f7-dde2-47db-974c-...tualNetworks/prodmyapp_virtual-network, 03m23s elapsed]
azurerm_network_security_group.prodmyapp_sg: Modifications complete after 3m30s [id=/subscriptions/2b2f02f7-dde2-47db-974c-47d2182721ae/resourceGroups/myTFResourceGroup/providers/Microsoft.Network/networkSecurityGroups/open-security-group]
azurerm_key_vault.prodmyapp: Still modifying... [id=/subscriptions/2b2f02f7-dde2-47db-974c-.../Microsoft.KeyVault/vaults/prodmyappkv, 03m33s elapsed]
azurerm_storage_account.prodmyapp: Still modifying... [id=/subscriptions/2b2f02f7-dde2-47db-974c-...age/storageAccounts/prodmyapptfstate01, 03m33s elapsed]
azurerm_virtual_network.prodmyapp_vnet: Still modifying... [id=/subscriptions/2b2f02f7-dde2-47db-974c-...tualNetworks/prodmyapp_virtual-network, 03m33s elapsed]
azurerm_public_ip.prodmyapp_pub_ips: Modifying... [id=/subscriptions/2b2f02f7-dde2-47db-974c-47d2182721ae/resourceGroups/myTFResourceGroup/providers/Microsoft.Network/publicIPAddresses/prodmyapp_public_ip1]
azurerm_storage_account.prodmyapp_cmk: Modifying... [id=/subscriptions/2b2f02f7-dde2-47db-974c-47d2182721ae/resourceGroups/myTFResourceGroup/providers/Microsoft.Storage/storageAccounts/prodmyappsacmk01]
azurerm_key_vault.prodmyapp: Modifications complete after 3m43s [id=/subscriptions/2b2f02f7-dde2-47db-974c-47d2182721ae/resourceGroups/myTFResourceGroup/providers/Microsoft.KeyVault/vaults/prodmyappkv]
azurerm_storage_account.prodmyapp: Still modifying... [id=/subscriptions/2b2f02f7-dde2-47db-974c-...age/storageAccounts/prodmyapptfstate01, 03m43s elapsed]
azurerm_virtual_network.prodmyapp_vnet: Still modifying... [id=/subscriptions/2b2f02f7-dde2-47db-974c-...tualNetworks/prodmyapp_virtual-network, 03m43s elapsed]
azurerm_key_vault_key.prodmyapp_key: Modifying... [id=https://prodmyappkv.vault.azure.net/keys/my-storage-cmk/51e0da2d9d5a4b53bfedce7faa0471cc]
azurerm_virtual_network.prodmyapp_vnet: Modifications complete after 3m47s [id=/subscriptions/2b2f02f7-dde2-47db-974c-47d2182721ae/resourceGroups/myTFResourceGroup/providers/Microsoft.Network/virtualNetworks/prodmyapp_virtual-network]
azurerm_public_ip.prodmyapp_pub_ips: Still modifying... [id=/subscriptions/2b2f02f7-dde2-47db-974c-...publicIPAddresses/prodmyapp_public_ip1, 00m10s elapsed]
azurerm_storage_account.prodmyapp: Modifications complete after 3m49s [id=/subscriptions/2b2f02f7-dde2-47db-974c-47d2182721ae/resourceGroups/myTFResourceGroup/providers/Microsoft.Storage/storageAccounts/prodmyapptfstate01]
azurerm_key_vault_key.prodmyapp_key: Modifications complete after 4s [id=https://prodmyappkv.vault.azure.net/keys/my-storage-cmk/51e0da2d9d5a4b53bfedce7faa0471cc]
azurerm_disk_encryption_set.prod_des: Modifying... [id=/subscriptions/2b2f02f7-dde2-47db-974c-47d2182721ae/resourceGroups/myTFResourceGroup/providers/Microsoft.Compute/diskEncryptionSets/prod-des]
azurerm_storage_account.prodmyapp_cmk: Still modifying... [id=/subscriptions/2b2f02f7-dde2-47db-974c-...orage/storageAccounts/prodmyappsacmk01, 00m10s elapsed]
azurerm_public_ip.prodmyapp_pub_ips: Modifications complete after 17s [id=/subscriptions/2b2f02f7-dde2-47db-974c-47d2182721ae/resourceGroups/myTFResourceGroup/providers/Microsoft.Network/publicIPAddresses/prodmyapp_public_ip1]
azurerm_network_interface.prodmyapp_nic: Modifying... [id=/subscriptions/2b2f02f7-dde2-47db-974c-47d2182721ae/resourceGroups/myTFResourceGroup/providers/Microsoft.Network/networkInterfaces/prodmyapp-nic1]
azurerm_disk_encryption_set.prod_des: Still modifying... [id=/subscriptions/2b2f02f7-dde2-47db-974c-...ft.Compute/diskEncryptionSets/prod-des, 00m10s elapsed]
azurerm_storage_account.prodmyapp_cmk: Still modifying... [id=/subscriptions/2b2f02f7-dde2-47db-974c-...orage/storageAccounts/prodmyappsacmk01, 00m20s elapsed]
azurerm_storage_account.prodmyapp_cmk: Modifications complete after 20s [id=/subscriptions/2b2f02f7-dde2-47db-974c-47d2182721ae/resourceGroups/myTFResourceGroup/providers/Microsoft.Storage/storageAccounts/prodmyappsacmk01]
azurerm_disk_encryption_set.prod_des: Modifications complete after 12s [id=/subscriptions/2b2f02f7-dde2-47db-974c-47d2182721ae/resourceGroups/myTFResourceGroup/providers/Microsoft.Compute/diskEncryptionSets/prod-des]
azurerm_network_interface.prodmyapp_nic: Still modifying... [id=/subscriptions/2b2f02f7-dde2-47db-974c-...twork/networkInterfaces/prodmyapp-nic1, 00m10s elapsed]
azurerm_network_interface.prodmyapp_nic: Modifications complete after 12s [id=/subscriptions/2b2f02f7-dde2-47db-974c-47d2182721ae/resourceGroups/myTFResourceGroup/providers/Microsoft.Network/networkInterfaces/prodmyapp-nic1]
Releasing state lock. This may take a few moments...

Apply complete! Resources: 0 added, 11 changed, 0 destroyed.
